 ---------------------------------------------------------
                                                          
                      Using Pyscf:
                                                          
 ---------------------------------------------------------
                                                          
converged SCF energy = -1.7139986382596

System and Method:

    H 0 0   0
    H 0 0  1.5
    H 0 1.5  0
    H 0 1.5 1.5
    
Basis set                                      :       sto3g
Number of Orbitals                             :         4
Number of electrons                            :         4
Nuclear Repulsion                              :    1.9100522882 
Electronic SCF energy                          :   -3.6240509264 
SCF Energy                                     :   -1.7139986383
 AO->MO
 NElectrons:    2    2
 ecore:   0.00000000
 ERIs in the active-space:
(4, 4, 4, 4)    0.00204800 Mb
 n_orb:    4
 n_a  :    2
 n_b  :    2
 HF Energy:  -1.71399864
 Build reference state with    2 alpha and    2 beta electrons [0, 2, 1, 3]
 State    0:  -1.95512501 au  <S2>:   0.00000000
 Form singlet GSD operators
 Number of operators:  66
           (1' 0  ) : 00 11 00 11 
           (2' 0  ) : 00 11 00 11 
           (3' 0  ) : 00 11 00 11 
           (2' 1  ) : 00 11 00 11 
           (3' 1  ) : 00 11 00 11 
           (3' 2  ) : 00 11 00 11 
     (0' 0' 1  0  ) : 1010 0110 1010 1001 
     (0' 0' 2  0  ) : 1010 0110 1010 1001 
     (0' 0' 3  0  ) : 1010 0110 1010 1001 
     (0' 0' 1  1  ) : 1010 1010 
     (0' 0' 2  1  ) : 1010 0110 1010 1001 
     (0' 0' 3  1  ) : 1010 0110 1010 1001 
     (0' 0' 2  2  ) : 1010 1010 
     (0' 0' 3  2  ) : 1010 0110 1010 1001 
     (0' 0' 3  3  ) : 1010 1010 
     (1' 0' 2  0  ) : 0000 1111 1010 0101 1001 0110 0000 1111 1010 0101 0110 1001 
     (1' 0' 2  0  ) : 1010 0101 1001 0110 1010 0101 0110 1001 
     (1' 0' 3  0  ) : 0000 1111 1010 0101 1001 0110 0000 1111 1010 0101 0110 1001 
     (1' 0' 3  0  ) : 1010 0101 1001 0110 1010 0101 0110 1001 
     (1' 0' 1  1  ) : 1010 1001 1010 0110 
     (1' 0' 2  1  ) : 0000 1111 1010 0101 1001 0110 0000 1111 1010 0101 0110 1001 
     (1' 0' 2  1  ) : 1010 0101 1001 0110 1010 0101 0110 1001 
     (1' 0' 3  1  ) : 0000 1111 1010 0101 1001 0110 0000 1111 1010 0101 0110 1001 
     (1' 0' 3  1  ) : 1010 0101 1001 0110 1010 0101 0110 1001 
     (1' 0' 2  2  ) : 1010 1001 1010 0110 
     (1' 0' 3  2  ) : 0000 1111 1010 0101 1001 0110 0000 1111 1010 0101 0110 1001 
     (1' 0' 3  2  ) : 1010 0101 1001 0110 1010 0101 0110 1001 
     (1' 0' 3  3  ) : 1010 1001 1010 0110 
     (2' 0' 3  0  ) : 0000 1111 1010 0101 1001 0110 0000 1111 1010 0101 0110 1001 
     (2' 0' 3  0  ) : 1010 0101 1001 0110 1010 0101 0110 1001 
     (2' 0' 1  1  ) : 1010 1001 1010 0110 
     (2' 0' 2  1  ) : 0000 1111 1010 0101 1001 0110 0000 1111 1010 0101 0110 1001 
     (2' 0' 2  1  ) : 1010 0101 1001 0110 1010 0101 0110 1001 
     (2' 0' 3  1  ) : 0000 1111 1010 0101 1001 0110 0000 1111 1010 0101 0110 1001 
     (2' 0' 3  1  ) : 1010 0101 1001 0110 1010 0101 0110 1001 
     (2' 0' 2  2  ) : 1010 1001 1010 0110 
     (2' 0' 3  2  ) : 0000 1111 1010 0101 1001 0110 0000 1111 1010 0101 0110 1001 
     (2' 0' 3  2  ) : 1010 0101 1001 0110 1010 0101 0110 1001 
     (2' 0' 3  3  ) : 1010 1001 1010 0110 
     (3' 0' 1  1  ) : 1010 1001 1010 0110 
     (3' 0' 2  1  ) : 0000 1111 1010 0101 1001 0110 0000 1111 1010 0101 0110 1001 
     (3' 0' 2  1  ) : 1010 0101 1001 0110 1010 0101 0110 1001 
     (3' 0' 3  1  ) : 0000 1111 1010 0101 1001 0110 0000 1111 1010 0101 0110 1001 
     (3' 0' 3  1  ) : 1010 0101 1001 0110 1010 0101 0110 1001 
     (3' 0' 2  2  ) : 1010 1001 1010 0110 
     (3' 0' 3  2  ) : 0000 1111 1010 0101 1001 0110 0000 1111 1010 0101 0110 1001 
     (3' 0' 3  2  ) : 1010 0101 1001 0110 1010 0101 0110 1001 
     (3' 0' 3  3  ) : 1010 1001 1010 0110 
     (1' 1' 2  1  ) : 1010 0110 1010 1001 
     (1' 1' 3  1  ) : 1010 0110 1010 1001 
     (1' 1' 2  2  ) : 1010 1010 
     (1' 1' 3  2  ) : 1010 0110 1010 1001 
     (1' 1' 3  3  ) : 1010 1010 
     (2' 1' 3  1  ) : 0000 1111 1010 0101 1001 0110 0000 1111 1010 0101 0110 1001 
     (2' 1' 3  1  ) : 1010 0101 1001 0110 1010 0101 0110 1001 
     (2' 1' 2  2  ) : 1010 1001 1010 0110 
     (2' 1' 3  2  ) : 0000 1111 1010 0101 1001 0110 0000 1111 1010 0101 0110 1001 
     (2' 1' 3  2  ) : 1010 0101 1001 0110 1010 0101 0110 1001 
     (2' 1' 3  3  ) : 1010 1001 1010 0110 
     (3' 1' 2  2  ) : 1010 1001 1010 0110 
     (3' 1' 3  2  ) : 0000 1111 1010 0101 1001 0110 0000 1111 1010 0101 0110 1001 
     (3' 1' 3  2  ) : 1010 0101 1001 0110 1010 0101 0110 1001 
     (3' 1' 3  3  ) : 1010 1001 1010 0110 
     (2' 2' 3  2  ) : 1010 0110 1010 1001 
     (2' 2' 3  3  ) : 1010 1010 
     (3' 2' 3  3  ) : 1010 1001 1010 0110 
 Reference Energy:  -1.71399864
 Generate Sparse Matrices for operators in pool
 Start ADAPT-VQE algorithm
 Now start to grow the ansatz




 --------------------------------------------------------------------------
                         ADAPT-VQE iteration:  0
 --------------------------------------------------------------------------
 Check each new operator for coupling
 Measure Operator Pool Gradients:
 Variance:      0.12200009
 Uncertainty:   0.34928511
    2   0.00000025            (3' 0  ) : 00 11 00 11 
    3  -0.00000029            (2' 1  ) : 00 11 00 11 
    8  -0.00000025      (0' 0' 3  0  ) : 1010 0110 1010 1001 
   12   0.19266332      (0' 0' 2  2  ) : 1010 1010 
   14   0.13063749      (0' 0' 3  3  ) : 1010 1010 
   15   0.00000035      (1' 0' 2  0  ) : 0000 1111 1010 0101 1001 0110 0000 1111 1010 0101 0110 1001 
   16   0.00000020      (1' 0' 2  0  ) : 1010 0101 1001 0110 1010 0101 0110 1001 
   22   0.00000030      (1' 0' 3  1  ) : 0000 1111 1010 0101 1001 0110 0000 1111 1010 0101 0110 1001 
   23  -0.00000018      (1' 0' 3  1  ) : 1010 0101 1001 0110 1010 0101 0110 1001 
   25   0.11339289      (1' 0' 3  2  ) : 0000 1111 1010 0101 1001 0110 0000 1111 1010 0101 0110 1001 
   26   0.33342589      (1' 0' 3  2  ) : 1010 0101 1001 0110 1010 0101 0110 1001 
   48   0.00000029      (1' 1' 2  1  ) : 1010 0110 1010 1001 
   50   0.13745251      (1' 1' 2  2  ) : 1010 1010 
   52   0.21654307      (1' 1' 3  3  ) : 1010 1010 
 Norm of <[H,A]> =   0.49396374
 Max  of <[H,A]> =   0.33342589
 Add operator   26
 Iter:   0 Current Energy =  -1.7779031761363902 Gradient Norm    4.9e-02 Gradient Max    4.9e-02
 Iter:   1 Current Energy =  -1.7793505445688178 Gradient Norm    1.0e-03 Gradient Max    1.0e-03
 Iter:   2 Current Energy =  -1.7793512120482864 Gradient Norm    1.1e-05 Gradient Max    1.1e-05
 Iter:   3 Current Energy =  -1.7793512121284178 Gradient Norm    3.0e-09 Gradient Max    3.0e-09
 Iter:   4 Current Energy =  -1.7793512121284181 Gradient Norm    2.3e-09 Gradient Max    2.3e-09
 Finished:      -1.779351212128
 -----------New ansatz----------- 
    #        Coeff               Term
    0  -0.39245747      (1' 0' 3  2  ) : 1010 0101 1001 0110 1010 0101 0110 1001 




 --------------------------------------------------------------------------
                         ADAPT-VQE iteration:  1
 --------------------------------------------------------------------------
 Check each new operator for coupling
 Measure Operator Pool Gradients:
 Variance:      0.11306214
 Uncertainty:   0.33624715
    2   0.00000025            (3' 0  ) : 00 11 00 11 
    3  -0.00000047            (2' 1  ) : 00 11 00 11 
    8  -0.00000027      (0' 0' 3  0  ) : 1010 0110 1010 1001 
   12   0.22785307      (0' 0' 2  2  ) : 1010 1010 
   14   0.18690189      (0' 0' 3  3  ) : 1010 1010 
   15   0.00000058      (1' 0' 2  0  ) : 0000 1111 1010 0101 1001 0110 0000 1111 1010 0101 0110 1001 
   16   0.00000038      (1' 0' 2  0  ) : 1010 0101 1001 0110 1010 0101 0110 1001 
   22   0.00000033      (1' 0' 3  1  ) : 0000 1111 1010 0101 1001 0110 0000 1111 1010 0101 0110 1001 
   23  -0.00000026      (1' 0' 3  1  ) : 1010 0101 1001 0110 1010 0101 0110 1001 
   25   0.07423403      (1' 0' 3  2  ) : 0000 1111 1010 0101 1001 0110 0000 1111 1010 0101 0110 1001 
   26   0.00000000      (1' 0' 3  2  ) : 1010 0101 1001 0110 1010 0101 0110 1001 
   33  -0.00147478      (2' 0' 3  1  ) : 0000 1111 1010 0101 1001 0110 0000 1111 1010 0101 0110 1001 
   34  -0.00085147      (2' 0' 3  1  ) : 1010 0101 1001 0110 1010 0101 0110 1001 
   36  -0.00000003      (2' 0' 3  2  ) : 0000 1111 1010 0101 1001 0110 0000 1111 1010 0101 0110 1001 
   37   0.00000008      (2' 0' 3  2  ) : 1010 0101 1001 0110 1010 0101 0110 1001 
   40  -0.00516762      (3' 0' 2  1  ) : 0000 1111 1010 0101 1001 0110 0000 1111 1010 0101 0110 1001 
   41  -0.00298353      (3' 0' 2  1  ) : 1010 0101 1001 0110 1010 0101 0110 1001 
   47   0.00000002      (3' 0' 3  3  ) : 1010 1001 1010 0110 
   48   0.00000048      (1' 1' 2  1  ) : 1010 0110 1010 1001 
   50   0.19319877      (1' 1' 2  2  ) : 1010 1010 
   52   0.24991729      (1' 1' 3  3  ) : 1010 1010 
   55  -0.00000001      (2' 1' 2  2  ) : 1010 1001 1010 0110 
   60  -0.00000001      (3' 1' 3  2  ) : 0000 1111 1010 0101 1001 0110 0000 1111 1010 0101 0110 1001 
   61  -0.00000005      (3' 1' 3  2  ) : 1010 0101 1001 0110 1010 0101 0110 1001 
 Norm of <[H,A]> =   0.43838676
 Max  of <[H,A]> =   0.24991729
 Add operator   52
 Iter:   0 Current Energy =  -1.8217545738471397 Gradient Norm    8.7e-02 Gradient Max    8.7e-02
 Iter:   1 Current Energy =  -1.8272785328778280 Gradient Norm    5.0e-03 Gradient Max    4.1e-03
 Iter:   2 Current Energy =  -1.8272946503081264 Gradient Norm    1.9e-04 Gradient Max    1.9e-04
 Iter:   3 Current Energy =  -1.8272946707073794 Gradient Norm    9.0e-06 Gradient Max    8.3e-06
 Iter:   4 Current Energy =  -1.8272946707562785 Gradient Norm    5.4e-08 Gradient Max    5.4e-08
 Iter:   5 Current Energy =  -1.8272946707562798 Gradient Norm    5.4e-10 Gradient Max    4.6e-10
 Finished:      -1.827294670756
 -----------New ansatz----------- 
    #        Coeff               Term
    0  -0.37687239      (1' 1' 3  3  ) : 1010 1010 
    1  -0.40551143      (1' 0' 3  2  ) : 1010 0101 1001 0110 1010 0101 0110 1001 




 --------------------------------------------------------------------------
                         ADAPT-VQE iteration:  2
 --------------------------------------------------------------------------
 Check each new operator for coupling
 Measure Operator Pool Gradients:
 Variance:      0.05868587
 Uncertainty:   0.24225166
    2   0.00000012            (3' 0  ) : 00 11 00 11 
    3  -0.00000044            (2' 1  ) : 00 11 00 11 
    8  -0.00000014      (0' 0' 3  0  ) : 1010 0110 1010 1001 
    9  -0.04050578      (0' 0' 1  1  ) : 1010 1010 
   10   0.00000005      (0' 0' 2  1  ) : 1010 0110 1010 1001 
   12   0.25316005      (0' 0' 2  2  ) : 1010 1010 
   14   0.13636751      (0' 0' 3  3  ) : 1010 1010 
   15   0.00000053      (1' 0' 2  0  ) : 0000 1111 1010 0101 1001 0110 0000 1111 1010 0101 0110 1001 
   16   0.00000035      (1' 0' 2  0  ) : 1010 0101 1001 0110 1010 0101 0110 1001 
   22   0.00000017      (1' 0' 3  1  ) : 0000 1111 1010 0101 1001 0110 0000 1111 1010 0101 0110 1001 
   23  -0.00000017      (1' 0' 3  1  ) : 1010 0101 1001 0110 1010 0101 0110 1001 
   25  -0.00735344      (1' 0' 3  2  ) : 0000 1111 1010 0101 1001 0110 0000 1111 1010 0101 0110 1001 
   26   0.02023825      (1' 0' 3  2  ) : 1010 0101 1001 0110 1010 0101 0110 1001 
   33   0.00005976      (2' 0' 3  1  ) : 0000 1111 1010 0101 1001 0110 0000 1111 1010 0101 0110 1001 
   34   0.00003450      (2' 0' 3  1  ) : 1010 0101 1001 0110 1010 0101 0110 1001 
   36  -0.00000003      (2' 0' 3  2  ) : 0000 1111 1010 0101 1001 0110 0000 1111 1010 0101 0110 1001 
   37   0.00000008      (2' 0' 3  2  ) : 1010 0101 1001 0110 1010 0101 0110 1001 
   39  -0.00000006      (3' 0' 1  1  ) : 1010 1001 1010 0110 
   40   0.05691599      (3' 0' 2  1  ) : 0000 1111 1010 0101 1001 0110 0000 1111 1010 0101 0110 1001 
   41   0.03538293      (3' 0' 2  1  ) : 1010 0101 1001 0110 1010 0101 0110 1001 
   44  -0.00000000      (3' 0' 2  2  ) : 1010 1001 1010 0110 
   47   0.00000002      (3' 0' 3  3  ) : 1010 1001 1010 0110 
   48   0.00000043      (1' 1' 2  1  ) : 1010 0110 1010 1001 
   50   0.13612888      (1' 1' 2  2  ) : 1010 1010 
   55   0.00000001      (2' 1' 2  2  ) : 1010 1001 1010 0110 
   58   0.00000013      (2' 1' 3  3  ) : 1010 1001 1010 0110 
   60   0.00000001      (3' 1' 3  2  ) : 0000 1111 1010 0101 1001 0110 0000 1111 1010 0101 0110 1001 
   61  -0.00000004      (3' 1' 3  2  ) : 1010 0101 1001 0110 1010 0101 0110 1001 
   64   0.04044592      (2' 2' 3  3  ) : 1010 1010 
 Norm of <[H,A]> =   0.33083049
 Max  of <[H,A]> =   0.25316005
 Add operator   12
 Iter:   0 Current Energy =  -1.8711606008070747 Gradient Norm    9.5e-02 Gradient Max    9.1e-02
 Iter:   1 Current Energy =  -1.8785505386601908 Gradient Norm    1.4e-02 Gradient Max    1.3e-02
 Iter:   2 Current Energy =  -1.8786806425064480 Gradient Norm    4.7e-03 Gradient Max    4.5e-03
 Iter:   3 Current Energy =  -1.8786966856229603 Gradient Norm    2.5e-05 Gradient Max    2.5e-05
 Iter:   4 Current Energy =  -1.8786966859481993 Gradient Norm    1.1e-06 Gradient Max    1.0e-06
 Iter:   5 Current Energy =  -1.8786966859487642 Gradient Norm    2.1e-09 Gradient Max    1.4e-09
 Iter:   6 Current Energy =  -1.8786966859487655 Gradient Norm    7.7e-12 Gradient Max    7.1e-12
 Finished:      -1.878696685949
 -----------New ansatz----------- 
    #        Coeff               Term
    0  -0.40066671      (0' 0' 2  2  ) : 1010 1010 
    1  -0.42213081      (1' 1' 3  3  ) : 1010 1010 
    2  -0.44825870      (1' 0' 3  2  ) : 1010 0101 1001 0110 1010 0101 0110 1001 




 --------------------------------------------------------------------------
                         ADAPT-VQE iteration:  3
 --------------------------------------------------------------------------
 Check each new operator for coupling
 Measure Operator Pool Gradients:
 Variance:      0.01750942
 Uncertainty:   0.13232315
    2  -0.00000003            (3' 0  ) : 00 11 00 11 
    3  -0.00000044            (2' 1  ) : 00 11 00 11 
    8  -0.00000001      (0' 0' 3  0  ) : 1010 0110 1010 1001 
    9  -0.00054758      (0' 0' 1  1  ) : 1010 1010 
   10  -0.00000007      (0' 0' 2  1  ) : 1010 0110 1010 1001 
   14   0.08336450      (0' 0' 3  3  ) : 1010 1010 
   15   0.00000049      (1' 0' 2  0  ) : 0000 1111 1010 0101 1001 0110 0000 1111 1010 0101 0110 1001 
   16   0.00000034      (1' 0' 2  0  ) : 1010 0101 1001 0110 1010 0101 0110 1001 
   22   0.00000001      (1' 0' 3  1  ) : 0000 1111 1010 0101 1001 0110 0000 1111 1010 0101 0110 1001 
   23  -0.00000008      (1' 0' 3  1  ) : 1010 0101 1001 0110 1010 0101 0110 1001 
   25  -0.07164462      (1' 0' 3  2  ) : 0000 1111 1010 0101 1001 0110 0000 1111 1010 0101 0110 1001 
   33  -0.00126564      (2' 0' 3  1  ) : 0000 1111 1010 0101 1001 0110 0000 1111 1010 0101 0110 1001 
   34  -0.00073072      (2' 0' 3  1  ) : 1010 0101 1001 0110 1010 0101 0110 1001 
   36  -0.00000006      (2' 0' 3  2  ) : 0000 1111 1010 0101 1001 0110 0000 1111 1010 0101 0110 1001 
   37   0.00000010      (2' 0' 3  2  ) : 1010 0101 1001 0110 1010 0101 0110 1001 
   39  -0.00000007      (3' 0' 1  1  ) : 1010 1001 1010 0110 
   40  -0.00069330      (3' 0' 2  1  ) : 0000 1111 1010 0101 1001 0110 0000 1111 1010 0101 0110 1001 
   41   0.00126728      (3' 0' 2  1  ) : 1010 0101 1001 0110 1010 0101 0110 1001 
   44  -0.00000007      (3' 0' 2  2  ) : 1010 1001 1010 0110 
   47   0.00000005      (3' 0' 3  3  ) : 1010 1001 1010 0110 
   48   0.00000040      (1' 1' 2  1  ) : 1010 0110 1010 1001 
   50   0.08813276      (1' 1' 2  2  ) : 1010 1010 
   55   0.00000005      (2' 1' 2  2  ) : 1010 1001 1010 0110 
   58   0.00000008      (2' 1' 3  3  ) : 1010 1001 1010 0110 
   60   0.00000006      (3' 1' 3  2  ) : 0000 1111 1010 0101 1001 0110 0000 1111 1010 0101 0110 1001 
   61  -0.00000003      (3' 1' 3  2  ) : 1010 0101 1001 0110 1010 0101 0110 1001 
   64   0.00290929      (2' 2' 3  3  ) : 1010 1010 
 Norm of <[H,A]> =   0.14093602
 Max  of <[H,A]> =   0.08813276
 Add operator   50
 Iter:   0 Current Energy =  -1.8858823479299289 Gradient Norm    7.7e-02 Gradient Max    7.5e-02
 Iter:   1 Current Energy =  -1.8982881456229386 Gradient Norm    5.9e-02 Gradient Max    4.9e-02
 Iter:   2 Current Energy =  -1.9102279456261084 Gradient Norm    6.2e-02 Gradient Max    3.9e-02
 Iter:   3 Current Energy =  -1.9125265721534082 Gradient Norm    3.4e-02 Gradient Max    2.4e-02
 Iter:   4 Current Energy =  -1.9138140390488119 Gradient Norm    2.9e-03 Gradient Max    2.6e-03
 Iter:   5 Current Energy =  -1.9138227556927938 Gradient Norm    2.4e-04 Gradient Max    2.1e-04
 Iter:   6 Current Energy =  -1.9138228009864446 Gradient Norm    8.5e-06 Gradient Max    6.6e-06
 Iter:   7 Current Energy =  -1.9138228010324911 Gradient Norm    1.8e-06 Gradient Max    1.3e-06
 Iter:   8 Current Energy =  -1.9138228010345160 Gradient Norm    3.1e-08 Gradient Max    2.8e-08
 Iter:   9 Current Energy =  -1.9138228010345169 Gradient Norm    2.0e-09 Gradient Max    1.8e-09
 Iter:  10 Current Energy =  -1.9138228010345175 Gradient Norm    3.2e-12 Gradient Max    3.1e-12
 Finished:      -1.913822801035
 -----------New ansatz----------- 
    #        Coeff               Term
    0  -0.73899760      (1' 1' 2  2  ) : 1010 1010 
    1  -0.21238975      (0' 0' 2  2  ) : 1010 1010 
    2  -0.21853522      (1' 1' 3  3  ) : 1010 1010 
    3  -0.45574197      (1' 0' 3  2  ) : 1010 0101 1001 0110 1010 0101 0110 1001 




 --------------------------------------------------------------------------
                         ADAPT-VQE iteration:  4
 --------------------------------------------------------------------------
 Check each new operator for coupling
 Measure Operator Pool Gradients:
 Variance:      0.02866577
 Uncertainty:   0.16930970
    2   0.00000015            (3' 0  ) : 00 11 00 11 
    3  -0.00000080            (2' 1  ) : 00 11 00 11 
    8  -0.00000017      (0' 0' 3  0  ) : 1010 0110 1010 1001 
    9  -0.02632933      (0' 0' 1  1  ) : 1010 1010 
   10  -0.00000007      (0' 0' 2  1  ) : 1010 0110 1010 1001 
   12   0.01682890      (0' 0' 2  2  ) : 1010 1010 
   14   0.21150417      (0' 0' 3  3  ) : 1010 1010 
   15   0.00000102      (1' 0' 2  0  ) : 0000 1111 1010 0101 1001 0110 0000 1111 1010 0101 0110 1001 
   16   0.00000058      (1' 0' 2  0  ) : 1010 0101 1001 0110 1010 0101 0110 1001 
   22   0.00000006      (1' 0' 3  1  ) : 0000 1111 1010 0101 1001 0110 0000 1111 1010 0101 0110 1001 
   23  -0.00000015      (1' 0' 3  1  ) : 1010 0101 1001 0110 1010 0101 0110 1001 
   25   0.04926330      (1' 0' 3  2  ) : 0000 1111 1010 0101 1001 0110 0000 1111 1010 0101 0110 1001 
   26   0.03835313      (1' 0' 3  2  ) : 1010 0101 1001 0110 1010 0101 0110 1001 
   33   0.03515920      (2' 0' 3  1  ) : 0000 1111 1010 0101 1001 0110 0000 1111 1010 0101 0110 1001 
   34   0.05854753      (2' 0' 3  1  ) : 1010 0101 1001 0110 1010 0101 0110 1001 
   36   0.00000013      (2' 0' 3  2  ) : 0000 1111 1010 0101 1001 0110 0000 1111 1010 0101 0110 1001 
   37   0.00000004      (2' 0' 3  2  ) : 1010 0101 1001 0110 1010 0101 0110 1001 
   39   0.00000001      (3' 0' 1  1  ) : 1010 1001 1010 0110 
   40   0.00016443      (3' 0' 2  1  ) : 0000 1111 1010 0101 1001 0110 0000 1111 1010 0101 0110 1001 
   41  -0.00023809      (3' 0' 2  1  ) : 1010 0101 1001 0110 1010 0101 0110 1001 
   44   0.00000001      (3' 0' 2  2  ) : 1010 1001 1010 0110 
   47   0.00000002      (3' 0' 3  3  ) : 1010 1001 1010 0110 
   48   0.00000051      (1' 1' 2  1  ) : 1010 0110 1010 1001 
   52   0.01637018      (1' 1' 3  3  ) : 1010 1010 
   55   0.00000029      (2' 1' 2  2  ) : 1010 1001 1010 0110 
   58   0.00000007      (2' 1' 3  3  ) : 1010 1001 1010 0110 
   60  -0.00000004      (3' 1' 3  2  ) : 0000 1111 1010 0101 1001 0110 0000 1111 1010 0101 0110 1001 
   61  -0.00000001      (3' 1' 3  2  ) : 1010 0101 1001 0110 1010 0101 0110 1001 
   64  -0.02536745      (2' 2' 3  3  ) : 1010 1010 
 Norm of <[H,A]> =   0.23491243
 Max  of <[H,A]> =   0.21150417
 Add operator   14
 Iter:   0 Current Energy =  -1.9364177746064337 Gradient Norm    4.8e-02 Gradient Max    4.2e-02
 Iter:   1 Current Energy =  -1.9376339561044660 Gradient Norm    2.1e-02 Gradient Max    1.9e-02
 Iter:   2 Current Energy =  -1.9380309177490498 Gradient Norm    1.7e-02 Gradient Max    1.4e-02
 Iter:   3 Current Energy =  -1.9385900339349444 Gradient Norm    8.2e-03 Gradient Max    4.3e-03
 Iter:   4 Current Energy =  -1.9387256646754774 Gradient Norm    3.5e-03 Gradient Max    2.2e-03
 Iter:   5 Current Energy =  -1.9387347586220107 Gradient Norm    1.5e-03 Gradient Max    9.2e-04
 Iter:   6 Current Energy =  -1.9387365426357954 Gradient Norm    6.5e-05 Gradient Max    4.5e-05
 Iter:   7 Current Energy =  -1.9387365472345532 Gradient Norm    5.8e-06 Gradient Max    3.0e-06
 Iter:   8 Current Energy =  -1.9387365472698561 Gradient Norm    4.8e-07 Gradient Max    3.7e-07
 Iter:   9 Current Energy =  -1.9387365472699980 Gradient Norm    8.3e-08 Gradient Max    5.8e-08
 Iter:  10 Current Energy =  -1.9387365472700040 Gradient Norm    5.5e-10 Gradient Max    3.7e-10
 Finished:      -1.938736547270
 -----------New ansatz----------- 
    #        Coeff               Term
    0  -0.23268260      (0' 0' 3  3  ) : 1010 1010 
    1  -0.86435416      (1' 1' 2  2  ) : 1010 1010 
    2  -0.17240074      (0' 0' 2  2  ) : 1010 1010 
    3  -0.17680668      (1' 1' 3  3  ) : 1010 1010 
    4  -0.48686074      (1' 0' 3  2  ) : 1010 0101 1001 0110 1010 0101 0110 1001 




 --------------------------------------------------------------------------
                         ADAPT-VQE iteration:  5
 --------------------------------------------------------------------------
 Check each new operator for coupling
 Measure Operator Pool Gradients:
 Variance:      0.00839629
 Uncertainty:   0.09163128
    2   0.00000021            (3' 0  ) : 00 11 00 11 
    3  -0.00000089            (2' 1  ) : 00 11 00 11 
    8  -0.00000020      (0' 0' 3  0  ) : 1010 0110 1010 1001 
    9  -0.00268867      (0' 0' 1  1  ) : 1010 1010 
   10  -0.00000005      (0' 0' 2  1  ) : 1010 0110 1010 1001 
   15   0.00000108      (1' 0' 2  0  ) : 0000 1111 1010 0101 1001 0110 0000 1111 1010 0101 0110 1001 
   16   0.00000060      (1' 0' 2  0  ) : 1010 0101 1001 0110 1010 0101 0110 1001 
   22   0.00000008      (1' 0' 3  1  ) : 0000 1111 1010 0101 1001 0110 0000 1111 1010 0101 0110 1001 
   23  -0.00000015      (1' 0' 3  1  ) : 1010 0101 1001 0110 1010 0101 0110 1001 
   25   0.07737743      (1' 0' 3  2  ) : 0000 1111 1010 0101 1001 0110 0000 1111 1010 0101 0110 1001 
   33  -0.02032297      (2' 0' 3  1  ) : 0000 1111 1010 0101 1001 0110 0000 1111 1010 0101 0110 1001 
   34   0.05134674      (2' 0' 3  1  ) : 1010 0101 1001 0110 1010 0101 0110 1001 
   36   0.00000018      (2' 0' 3  2  ) : 0000 1111 1010 0101 1001 0110 0000 1111 1010 0101 0110 1001 
   37   0.00000000      (2' 0' 3  2  ) : 1010 0101 1001 0110 1010 0101 0110 1001 
   39   0.00000001      (3' 0' 1  1  ) : 1010 1001 1010 0110 
   40   0.00024743      (3' 0' 2  1  ) : 0000 1111 1010 0101 1001 0110 0000 1111 1010 0101 0110 1001 
   41  -0.00031211      (3' 0' 2  1  ) : 1010 0101 1001 0110 1010 0101 0110 1001 
   44   0.00000001      (3' 0' 2  2  ) : 1010 1001 1010 0110 
   47  -0.00000002      (3' 0' 3  3  ) : 1010 1001 1010 0110 
   48   0.00000053      (1' 1' 2  1  ) : 1010 0110 1010 1001 
   55   0.00000036      (2' 1' 2  2  ) : 1010 1001 1010 0110 
   58   0.00000005      (2' 1' 3  3  ) : 1010 1001 1010 0110 
   60   0.00000001      (3' 1' 3  2  ) : 0000 1111 1010 0101 1001 0110 0000 1111 1010 0101 0110 1001 
   61   0.00000003      (3' 1' 3  2  ) : 1010 0101 1001 0110 1010 0101 0110 1001 
   64  -0.00258304      (2' 2' 3  3  ) : 1010 1010 
 Norm of <[H,A]> =   0.09513589
 Max  of <[H,A]> =   0.07737743
 Add operator   25
 Iter:   0 Current Energy =  -1.9436263316235065 Gradient Norm    5.2e-02 Gradient Max    4.9e-02
 Iter:   1 Current Energy =  -1.9487794716455094 Gradient Norm    3.4e-02 Gradient Max    2.1e-02
 Iter:   2 Current Energy =  -1.9499157740155357 Gradient Norm    2.9e-02 Gradient Max    2.0e-02
 Iter:   3 Current Energy =  -1.9514224927202923 Gradient Norm    1.9e-02 Gradient Max    1.7e-02
 Iter:   4 Current Energy =  -1.9518372493551275 Gradient Norm    1.2e-02 Gradient Max    8.2e-03
 Iter:   5 Current Energy =  -1.9519424669798207 Gradient Norm    4.3e-03 Gradient Max    2.4e-03
 Iter:   6 Current Energy =  -1.9519558012200988 Gradient Norm    1.0e-03 Gradient Max    6.3e-04
 Iter:   7 Current Energy =  -1.9519565678640123 Gradient Norm    2.4e-04 Gradient Max    2.0e-04
 Iter:   8 Current Energy =  -1.9519566022971169 Gradient Norm    4.5e-05 Gradient Max    4.1e-05
 Iter:   9 Current Energy =  -1.9519566034262033 Gradient Norm    3.7e-06 Gradient Max    3.5e-06
 Iter:  10 Current Energy =  -1.9519566034349300 Gradient Norm    3.1e-07 Gradient Max    2.6e-07
 Iter:  11 Current Energy =  -1.9519566034350053 Gradient Norm    8.4e-09 Gradient Max    5.7e-09
 Iter:  12 Current Energy =  -1.9519566034350064 Gradient Norm    5.1e-10 Gradient Max    4.4e-10
 Finished:      -1.951956603435
 -----------New ansatz----------- 
    #        Coeff               Term
    0  -0.34365735      (1' 0' 3  2  ) : 0000 1111 1010 0101 1001 0110 0000 1111 1010 0101 0110 1001 
    1  -0.23606181      (0' 0' 3  3  ) : 1010 1010 
    2  -1.00805359      (1' 1' 2  2  ) : 1010 1010 
    3  -0.05294522      (0' 0' 2  2  ) : 1010 1010 
    4  -0.05340181      (1' 1' 3  3  ) : 1010 1010 
    5  -0.42819322      (1' 0' 3  2  ) : 1010 0101 1001 0110 1010 0101 0110 1001 




 --------------------------------------------------------------------------
                         ADAPT-VQE iteration:  6
 --------------------------------------------------------------------------
 Check each new operator for coupling
 Measure Operator Pool Gradients:
 Variance:      0.00321095
 Uncertainty:   0.05666525
    2   0.00000046            (3' 0  ) : 00 11 00 11 
    3  -0.00000104            (2' 1  ) : 00 11 00 11 
    8  -0.00000038      (0' 0' 3  0  ) : 1010 0110 1010 1001 
    9  -0.00286156      (0' 0' 1  1  ) : 1010 1010 
   10  -0.00000001      (0' 0' 2  1  ) : 1010 0110 1010 1001 
   15   0.00000119      (1' 0' 2  0  ) : 0000 1111 1010 0101 1001 0110 0000 1111 1010 0101 0110 1001 
   16   0.00000065      (1' 0' 2  0  ) : 1010 0101 1001 0110 1010 0101 0110 1001 
   22   0.00000017      (1' 0' 3  1  ) : 0000 1111 1010 0101 1001 0110 0000 1111 1010 0101 0110 1001 
   23  -0.00000020      (1' 0' 3  1  ) : 1010 0101 1001 0110 1010 0101 0110 1001 
   33   0.01542690      (2' 0' 3  1  ) : 0000 1111 1010 0101 1001 0110 0000 1111 1010 0101 0110 1001 
   34   0.02214208      (2' 0' 3  1  ) : 1010 0101 1001 0110 1010 0101 0110 1001 
   36   0.00000038      (2' 0' 3  2  ) : 0000 1111 1010 0101 1001 0110 0000 1111 1010 0101 0110 1001 
   37  -0.00000012      (2' 0' 3  2  ) : 1010 0101 1001 0110 1010 0101 0110 1001 
   39   0.00000000      (3' 0' 1  1  ) : 1010 1001 1010 0110 
   40   0.00001672      (3' 0' 2  1  ) : 0000 1111 1010 0101 1001 0110 0000 1111 1010 0101 0110 1001 
   41   0.00000142      (3' 0' 2  1  ) : 1010 0101 1001 0110 1010 0101 0110 1001 
   44   0.00000000      (3' 0' 2  2  ) : 1010 1001 1010 0110 
   47  -0.00000007      (3' 0' 3  3  ) : 1010 1001 1010 0110 
   48   0.00000054      (1' 1' 2  1  ) : 1010 0110 1010 1001 
   55   0.00000050      (2' 1' 2  2  ) : 1010 1001 1010 0110 
   58   0.00000001      (2' 1' 3  3  ) : 1010 1001 1010 0110 
   60   0.00000008      (3' 1' 3  2  ) : 0000 1111 1010 0101 1001 0110 0000 1111 1010 0101 0110 1001 
   61   0.00000008      (3' 1' 3  2  ) : 1010 0101 1001 0110 1010 0101 0110 1001 
   64  -0.00282539      (2' 2' 3  3  ) : 1010 1010 
 Norm of <[H,A]> =   0.02728429
 Max  of <[H,A]> =   0.02214208
 Add operator   34
 Iter:   0 Current Energy =  -1.9523524741411651 Gradient Norm    1.6e-02 Gradient Max    1.4e-02
 Iter:   1 Current Energy =  -1.9529610753225273 Gradient Norm    1.7e-02 Gradient Max    1.1e-02
 Iter:   2 Current Energy =  -1.9536978501891127 Gradient Norm    2.4e-02 Gradient Max    1.5e-02
 Iter:   3 Current Energy =  -1.9543685844874248 Gradient Norm    2.3e-02 Gradient Max    1.4e-02
 Iter:   4 Current Energy =  -1.9549297455850640 Gradient Norm    1.4e-02 Gradient Max    8.5e-03
 Iter:   5 Current Energy =  -1.9551109945240457 Gradient Norm    3.5e-03 Gradient Max    2.4e-03
 Iter:   6 Current Energy =  -1.9551240433059758 Gradient Norm    1.3e-03 Gradient Max    1.0e-03
 Iter:   7 Current Energy =  -1.9551248251657585 Gradient Norm    5.2e-04 Gradient Max    3.7e-04
 Iter:   8 Current Energy =  -1.9551249418629655 Gradient Norm    1.4e-04 Gradient Max    9.0e-05
 Iter:   9 Current Energy =  -1.9551249696184527 Gradient Norm    8.9e-05 Gradient Max    4.7e-05
 Iter:  10 Current Energy =  -1.9551249818173495 Gradient Norm    9.2e-05 Gradient Max    5.6e-05
 Iter:  11 Current Energy =  -1.9551249974743847 Gradient Norm    7.6e-05 Gradient Max    5.2e-05
 Iter:  12 Current Energy =  -1.9551250079503566 Gradient Norm    4.0e-05 Gradient Max    2.6e-05
 Iter:  13 Current Energy =  -1.9551250112814094 Gradient Norm    1.0e-05 Gradient Max    6.4e-06
 Iter:  14 Current Energy =  -1.9551250115901184 Gradient Norm    1.6e-06 Gradient Max    1.3e-06
 Iter:  15 Current Energy =  -1.9551250115990555 Gradient Norm    2.0e-07 Gradient Max    1.4e-07
 Iter:  16 Current Energy =  -1.9551250115991234 Gradient Norm    1.7e-08 Gradient Max    1.3e-08
 Iter:  17 Current Energy =  -1.9551250115991246 Gradient Norm    1.7e-09 Gradient Max    1.1e-09
 Iter:  18 Current Energy =  -1.9551250115991254 Gradient Norm    9.4e-10 Gradient Max    5.9e-10
 Finished:      -1.955125011599
 -----------New ansatz----------- 
    #        Coeff               Term
    0  -0.29995617      (2' 0' 3  1  ) : 1010 0101 1001 0110 1010 0101 0110 1001 
    1  -0.16371218      (1' 0' 3  2  ) : 0000 1111 1010 0101 1001 0110 0000 1111 1010 0101 0110 1001 
    2  -0.20118879      (0' 0' 3  3  ) : 1010 1010 
    3  -1.16407216      (1' 1' 2  2  ) : 1010 1010 
    4   0.00000000      (0' 0' 2  2  ) : 1010 1010 
    5  -0.00000000      (1' 1' 3  3  ) : 1010 1010 
    6  -0.33324882      (1' 0' 3  2  ) : 1010 0101 1001 0110 1010 0101 0110 1001 




 --------------------------------------------------------------------------
                         ADAPT-VQE iteration:  7
 --------------------------------------------------------------------------
 Check each new operator for coupling
 Measure Operator Pool Gradients:
 Variance:      0.00000000
 Uncertainty:   0.00000071
    2   0.00000056            (3' 0  ) : 00 11 00 11 
    3  -0.00000109            (2' 1  ) : 00 11 00 11 
    8  -0.00000047      (0' 0' 3  0  ) : 1010 0110 1010 1001 
   15   0.00000124      (1' 0' 2  0  ) : 0000 1111 1010 0101 1001 0110 0000 1111 1010 0101 0110 1001 
   16   0.00000066      (1' 0' 2  0  ) : 1010 0101 1001 0110 1010 0101 0110 1001 
   22   0.00000021      (1' 0' 3  1  ) : 0000 1111 1010 0101 1001 0110 0000 1111 1010 0101 0110 1001 
   23  -0.00000022      (1' 0' 3  1  ) : 1010 0101 1001 0110 1010 0101 0110 1001 
   36   0.00000048      (2' 0' 3  2  ) : 0000 1111 1010 0101 1001 0110 0000 1111 1010 0101 0110 1001 
   37  -0.00000017      (2' 0' 3  2  ) : 1010 0101 1001 0110 1010 0101 0110 1001 
   47  -0.00000009      (3' 0' 3  3  ) : 1010 1001 1010 0110 
   48   0.00000054      (1' 1' 2  1  ) : 1010 0110 1010 1001 
   55   0.00000054      (2' 1' 2  2  ) : 1010 1001 1010 0110 
   60   0.00000010      (3' 1' 3  2  ) : 0000 1111 1010 0101 1001 0110 0000 1111 1010 0101 0110 1001 
   61   0.00000011      (3' 1' 3  2  ) : 1010 0101 1001 0110 1010 0101 0110 1001 
 Norm of <[H,A]> =   0.00000216
 Max  of <[H,A]> =   0.00000124
 Ansatz Growth Converged!
 Number of operators in ansatz:  7
 *Finished:      -1.955125011599
 -----------Final ansatz----------- 
    #        Coeff               Term
    0  -0.29995617      (2' 0' 3  1  ) : 1010 0101 1001 0110 1010 0101 0110 1001 
    1  -0.16371218      (1' 0' 3  2  ) : 0000 1111 1010 0101 1001 0110 0000 1111 1010 0101 0110 1001 
    2  -0.20118879      (0' 0' 3  3  ) : 1010 1010 
    3  -1.16407216      (1' 1' 2  2  ) : 1010 1010 
    4   0.00000000      (0' 0' 2  2  ) : 1010 1010 
    5  -0.00000000      (1' 1' 3  3  ) : 1010 1010 
    6  -0.33324882      (1' 0' 3  2  ) : 1010 0101 1001 0110 1010 0101 0110 1001 
 Final ADAPT-VQE energy:  -1.95512501
 <S^2> of final state  :   0.00000000
final excitation energies [0.04070883 0.13937751 0.15138419 0.20963754 0.25288678 0.32115818
 0.52333436 0.53095546 0.54055164 0.54094192 0.5977317  0.60446988
 0.65474991 0.70191538 0.72179509 0.73566508 0.7366266  0.83361964
 0.83678561 0.84955935 0.92256066 1.0429086  1.04841375 1.32727157
 1.49047783 1.51093164]
SCEOM State    0:  -1.91441619 au Gap:  0.04070883 <S2>:   2.00000000
SCEOM State    1:  -1.81574751 au Gap:  0.13937751 <S2>:  -0.00000000
SCEOM State    2:  -1.80374083 au Gap:  0.15138419 <S2>:   2.00000000
SCEOM State    3:  -1.74548747 au Gap:  0.20963754 <S2>:   2.00000000
SCEOM State    4:  -1.70223823 au Gap:  0.25288678 <S2>:   6.00000000
SCEOM State    5:  -1.63396683 au Gap:  0.32115818 <S2>:  -0.00000000
SCEOM State    6:  -1.43179065 au Gap:  0.52333436 <S2>:   2.00000000
SCEOM State    7:  -1.42416955 au Gap:  0.53095546 <S2>:   0.00000000
SCEOM State    8:  -1.41457337 au Gap:  0.54055164 <S2>:   2.00000000
SCEOM State    9:  -1.41418309 au Gap:  0.54094192 <S2>:   0.00000000
SCEOM State   10:  -1.35739331 au Gap:  0.59773170 <S2>:   2.00000000
SCEOM State   11:  -1.35065513 au Gap:  0.60446988 <S2>:  -0.00000000
SCEOM State   12:  -1.30037510 au Gap:  0.65474991 <S2>:   0.00000000
SCEOM State   13:  -1.25320964 au Gap:  0.70191538 <S2>:   0.00000000
SCEOM State   14:  -1.23332992 au Gap:  0.72179509 <S2>:   2.00000000
SCEOM State   15:  -1.21945994 au Gap:  0.73566508 <S2>:  -0.00000000
SCEOM State   16:  -1.21849841 au Gap:  0.73662660 <S2>:   2.00000000
SCEOM State   17:  -1.12150538 au Gap:  0.83361964 <S2>:   0.00000000
SCEOM State   18:  -1.11833940 au Gap:  0.83678561 <S2>:   2.00000000
SCEOM State   19:  -1.10556566 au Gap:  0.84955935 <S2>:   2.00000000
SCEOM State   20:  -1.03256435 au Gap:  0.92256066 <S2>:  -0.00000000
SCEOM State   21:  -0.91221641 au Gap:  1.04290860 <S2>:   2.00000000
SCEOM State   22:  -0.90671126 au Gap:  1.04841375 <S2>:   0.00000000
SCEOM State   23:  -0.62785344 au Gap:  1.32727157 <S2>:  -0.00000000
SCEOM State   24:  -0.46464718 au Gap:  1.49047783 <S2>:   0.00000000
SCEOM State   25:  -0.44419337 au Gap:  1.51093164 <S2>:  -0.00000000
final excitation energies [0.06155094 0.13511023 0.15138419 0.18736032 0.25288678 0.33230516
 0.48949384 0.52333436 0.53095546 0.55426022 0.58827855 0.60222185
 0.65474991 0.65586839 0.72179509 0.73428194 0.7366266  0.83290675
 0.83678561 0.84955935 0.91112161 1.0429086  1.04841375 1.28094304
 1.49047783 1.51067315]
QSE   State    0:  -1.89357407 au Gap:  0.06155094
QSE   State    1:  -1.82001478 au Gap:  0.13511023
QSE   State    2:  -1.80374083 au Gap:  0.15138419
QSE   State    3:  -1.76776469 au Gap:  0.18736032
QSE   State    4:  -1.70223823 au Gap:  0.25288678
QSE   State    5:  -1.62281985 au Gap:  0.33230516
QSE   State    6:  -1.46563117 au Gap:  0.48949384
QSE   State    7:  -1.43179065 au Gap:  0.52333436
QSE   State    8:  -1.42416955 au Gap:  0.53095546
QSE   State    9:  -1.40086479 au Gap:  0.55426022
QSE   State   10:  -1.36684646 au Gap:  0.58827855
QSE   State   11:  -1.35290316 au Gap:  0.60222185
QSE   State   12:  -1.30037510 au Gap:  0.65474991
QSE   State   13:  -1.29925662 au Gap:  0.65586839
QSE   State   14:  -1.23332992 au Gap:  0.72179509
QSE   State   15:  -1.22084307 au Gap:  0.73428194
QSE   State   16:  -1.21849841 au Gap:  0.73662660
QSE   State   17:  -1.12221826 au Gap:  0.83290675
QSE   State   18:  -1.11833940 au Gap:  0.83678561
QSE   State   19:  -1.10556566 au Gap:  0.84955935
QSE   State   20:  -1.04400340 au Gap:  0.91112161
QSE   State   21:  -0.91221641 au Gap:  1.04290860
QSE   State   22:  -0.90671126 au Gap:  1.04841375
QSE   State   23:  -0.67418197 au Gap:  1.28094304
QSE   State   24:  -0.46464718 au Gap:  1.49047783
QSE   State   25:  -0.44445186 au Gap:  1.51067315
final excitation energies [-9.55523875e+07 -1.68810992e+01 -1.57183119e+00 -1.49047783e+00
 -1.37666537e+00 -1.30978089e+00 -1.30978089e+00 -1.04841375e+00
 -1.04290860e+00 -9.48400737e-01 -8.49559350e-01 -8.36785612e-01
 -8.32046909e-01 -7.36626597e-01 -7.34281938e-01 -7.21795094e-01
 -6.55919953e-01 -6.54749906e-01 -5.91652739e-01 -5.90441483e-01
 -5.30955458e-01 -5.23334361e-01 -4.52800793e-01 -2.87386787e-01
 -2.52886778e-01 -2.17554040e-01 -1.51384185e-01  1.51384185e-01
  2.17554040e-01  2.52886778e-01  2.87381555e-01  4.52800793e-01
  5.23334361e-01  5.30955458e-01  5.90441483e-01  5.91652739e-01
  6.54749906e-01  6.55919953e-01  7.21795094e-01  7.34281938e-01
  7.36626597e-01  8.32046811e-01  8.36785612e-01  8.49559350e-01
  9.48394503e-01  1.04290860e+00  1.04841375e+00  1.37664094e+00
  1.49047783e+00  1.57173416e+00  1.17339285e+01  9.55523875e+07]
qEOM State    0:  -1.80374083 au Gap:  0.15138418
qEOM State    1:  -1.73757097 au Gap:  0.21755404
qEOM State    2:  -1.70223823 au Gap:  0.25288678
qEOM State    3:  -1.66774346 au Gap:  0.28738155
qEOM State    4:  -1.50232422 au Gap:  0.45280079
qEOM State    5:  -1.43179065 au Gap:  0.52333436
qEOM State    6:  -1.42416955 au Gap:  0.53095546
qEOM State    7:  -1.36468353 au Gap:  0.59044148
qEOM State    8:  -1.36347227 au Gap:  0.59165274
qEOM State    9:  -1.30037511 au Gap:  0.65474991
qEOM State   10:  -1.29920506 au Gap:  0.65591995
qEOM State   11:  -1.23332992 au Gap:  0.72179509
qEOM State   12:  -1.22084307 au Gap:  0.73428194
qEOM State   13:  -1.21849841 au Gap:  0.73662660
qEOM State   14:  -1.12307820 au Gap:  0.83204681
qEOM State   15:  -1.11833940 au Gap:  0.83678561
qEOM State   16:  -1.10556566 au Gap:  0.84955935
qEOM State   17:  -1.00673051 au Gap:  0.94839450
qEOM State   18:  -0.91221641 au Gap:  1.04290860
qEOM State   19:  -0.90671126 au Gap:  1.04841375
qEOM State   20:  -0.57848407 au Gap:  1.37664094
qEOM State   21:  -0.46464718 au Gap:  1.49047783
qEOM State   22:  -0.38339085 au Gap:  1.57173416
qEOM State   23:   9.77880354 au Gap: 11.73392855
qEOM State   24: 95552385.54994243 au Gap:95552387.50506745
