 ---------------------------------------------------------
                                                          
                      Using Pyscf:
                                                          
 ---------------------------------------------------------
                                                          
converged SCF energy = -2.6248721448546

System and Method:

    H 0 0   0
    H 0 0  1.5
    H 0 1.5  0
    H 0 1.5 1.5
    H 0 20.0  0
    H 0 20.0 1.5
    
Basis set                                      :       sto3g
Number of Orbitals                             :         6
Number of electrons                            :         6
Nuclear Repulsion                              :    2.4827539000 
Electronic SCF energy                          :   -5.1076260449 
SCF Energy                                     :   -2.6248721449
 AO->MO
 NElectrons:    3    3
 ecore:   0.00000000
 ERIs in the active-space:
(6, 6, 6, 6)    0.01036800 Mb
 n_orb:    6
 n_a  :    3
 n_b  :    3
 HF Energy:  -2.62487214
 Build reference state with    3 alpha and    3 beta electrons [0, 2, 4, 1, 3, 5]
 State    0:  -2.95327437 au  <S2>:  -0.00000000
 Form singlet GSD operators
 Number of operators:  330
           (1' 0  ) : 00 11 00 11 
           (2' 0  ) : 00 11 00 11 
           (3' 0  ) : 00 11 00 11 
           (4' 0  ) : 00 11 00 11 
           (5' 0  ) : 00 11 00 11 
           (2' 1  ) : 00 11 00 11 
           (3' 1  ) : 00 11 00 11 
           (4' 1  ) : 00 11 00 11 
           (5' 1  ) : 00 11 00 11 
           (3' 2  ) : 00 11 00 11 
           (4' 2  ) : 00 11 00 11 
           (5' 2  ) : 00 11 00 11 
           (4' 3  ) : 00 11 00 11 
           (5' 3  ) : 00 11 00 11 
           (5' 4  ) : 00 11 00 11 
     (0' 0' 1  0  ) : 1010 0110 1010 1001 
     (0' 0' 2  0  ) : 1010 0110 1010 1001 
     (0' 0' 3  0  ) : 1010 0110 1010 1001 
     (0' 0' 4  0  ) : 1010 0110 1010 1001 
     (0' 0' 5  0  ) : 1010 0110 1010 1001 
     (0' 0' 1  1  ) : 1010 1010 
     (0' 0' 2  1  ) : 1010 0110 1010 1001 
     (0' 0' 3  1  ) : 1010 0110 1010 1001 
     (0' 0' 4  1  ) : 1010 0110 1010 1001 
     (0' 0' 5  1  ) : 1010 0110 1010 1001 
     (0' 0' 2  2  ) : 1010 1010 
     (0' 0' 3  2  ) : 1010 0110 1010 1001 
     (0' 0' 4  2  ) : 1010 0110 1010 1001 
     (0' 0' 5  2  ) : 1010 0110 1010 1001 
     (0' 0' 3  3  ) : 1010 1010 
     (0' 0' 4  3  ) : 1010 0110 1010 1001 
     (0' 0' 5  3  ) : 1010 0110 1010 1001 
     (0' 0' 4  4  ) : 1010 1010 
     (0' 0' 5  4  ) : 1010 0110 1010 1001 
     (0' 0' 5  5  ) : 1010 1010 
     (1' 0' 2  0  ) : 0000 1111 1010 0101 1001 0110 0000 1111 1010 0101 0110 1001 
     (1' 0' 2  0  ) : 1010 0101 1001 0110 1010 0101 0110 1001 
     (1' 0' 3  0  ) : 0000 1111 1010 0101 1001 0110 0000 1111 1010 0101 0110 1001 
     (1' 0' 3  0  ) : 1010 0101 1001 0110 1010 0101 0110 1001 
     (1' 0' 4  0  ) : 0000 1111 1010 0101 1001 0110 0000 1111 1010 0101 0110 1001 
     (1' 0' 4  0  ) : 1010 0101 1001 0110 1010 0101 0110 1001 
     (1' 0' 5  0  ) : 0000 1111 1010 0101 1001 0110 0000 1111 1010 0101 0110 1001 
     (1' 0' 5  0  ) : 1010 0101 1001 0110 1010 0101 0110 1001 
     (1' 0' 1  1  ) : 1010 1001 1010 0110 
     (1' 0' 2  1  ) : 0000 1111 1010 0101 1001 0110 0000 1111 1010 0101 0110 1001 
     (1' 0' 2  1  ) : 1010 0101 1001 0110 1010 0101 0110 1001 
     (1' 0' 3  1  ) : 0000 1111 1010 0101 1001 0110 0000 1111 1010 0101 0110 1001 
     (1' 0' 3  1  ) : 1010 0101 1001 0110 1010 0101 0110 1001 
     (1' 0' 4  1  ) : 0000 1111 1010 0101 1001 0110 0000 1111 1010 0101 0110 1001 
     (1' 0' 4  1  ) : 1010 0101 1001 0110 1010 0101 0110 1001 
     (1' 0' 5  1  ) : 0000 1111 1010 0101 1001 0110 0000 1111 1010 0101 0110 1001 
     (1' 0' 5  1  ) : 1010 0101 1001 0110 1010 0101 0110 1001 
     (1' 0' 2  2  ) : 1010 1001 1010 0110 
     (1' 0' 3  2  ) : 0000 1111 1010 0101 1001 0110 0000 1111 1010 0101 0110 1001 
     (1' 0' 3  2  ) : 1010 0101 1001 0110 1010 0101 0110 1001 
     (1' 0' 4  2  ) : 0000 1111 1010 0101 1001 0110 0000 1111 1010 0101 0110 1001 
     (1' 0' 4  2  ) : 1010 0101 1001 0110 1010 0101 0110 1001 
     (1' 0' 5  2  ) : 0000 1111 1010 0101 1001 0110 0000 1111 1010 0101 0110 1001 
     (1' 0' 5  2  ) : 1010 0101 1001 0110 1010 0101 0110 1001 
     (1' 0' 3  3  ) : 1010 1001 1010 0110 
     (1' 0' 4  3  ) : 0000 1111 1010 0101 1001 0110 0000 1111 1010 0101 0110 1001 
     (1' 0' 4  3  ) : 1010 0101 1001 0110 1010 0101 0110 1001 
     (1' 0' 5  3  ) : 0000 1111 1010 0101 1001 0110 0000 1111 1010 0101 0110 1001 
     (1' 0' 5  3  ) : 1010 0101 1001 0110 1010 0101 0110 1001 
     (1' 0' 4  4  ) : 1010 1001 1010 0110 
     (1' 0' 5  4  ) : 0000 1111 1010 0101 1001 0110 0000 1111 1010 0101 0110 1001 
     (1' 0' 5  4  ) : 1010 0101 1001 0110 1010 0101 0110 1001 
     (1' 0' 5  5  ) : 1010 1001 1010 0110 
     (2' 0' 3  0  ) : 0000 1111 1010 0101 1001 0110 0000 1111 1010 0101 0110 1001 
     (2' 0' 3  0  ) : 1010 0101 1001 0110 1010 0101 0110 1001 
     (2' 0' 4  0  ) : 0000 1111 1010 0101 1001 0110 0000 1111 1010 0101 0110 1001 
     (2' 0' 4  0  ) : 1010 0101 1001 0110 1010 0101 0110 1001 
     (2' 0' 5  0  ) : 0000 1111 1010 0101 1001 0110 0000 1111 1010 0101 0110 1001 
     (2' 0' 5  0  ) : 1010 0101 1001 0110 1010 0101 0110 1001 
     (2' 0' 1  1  ) : 1010 1001 1010 0110 
     (2' 0' 2  1  ) : 0000 1111 1010 0101 1001 0110 0000 1111 1010 0101 0110 1001 
     (2' 0' 2  1  ) : 1010 0101 1001 0110 1010 0101 0110 1001 
     (2' 0' 3  1  ) : 0000 1111 1010 0101 1001 0110 0000 1111 1010 0101 0110 1001 
     (2' 0' 3  1  ) : 1010 0101 1001 0110 1010 0101 0110 1001 
     (2' 0' 4  1  ) : 0000 1111 1010 0101 1001 0110 0000 1111 1010 0101 0110 1001 
     (2' 0' 4  1  ) : 1010 0101 1001 0110 1010 0101 0110 1001 
     (2' 0' 5  1  ) : 0000 1111 1010 0101 1001 0110 0000 1111 1010 0101 0110 1001 
     (2' 0' 5  1  ) : 1010 0101 1001 0110 1010 0101 0110 1001 
     (2' 0' 2  2  ) : 1010 1001 1010 0110 
     (2' 0' 3  2  ) : 0000 1111 1010 0101 1001 0110 0000 1111 1010 0101 0110 1001 
     (2' 0' 3  2  ) : 1010 0101 1001 0110 1010 0101 0110 1001 
     (2' 0' 4  2  ) : 0000 1111 1010 0101 1001 0110 0000 1111 1010 0101 0110 1001 
     (2' 0' 4  2  ) : 1010 0101 1001 0110 1010 0101 0110 1001 
     (2' 0' 5  2  ) : 0000 1111 1010 0101 1001 0110 0000 1111 1010 0101 0110 1001 
     (2' 0' 5  2  ) : 1010 0101 1001 0110 1010 0101 0110 1001 
     (2' 0' 3  3  ) : 1010 1001 1010 0110 
     (2' 0' 4  3  ) : 0000 1111 1010 0101 1001 0110 0000 1111 1010 0101 0110 1001 
     (2' 0' 4  3  ) : 1010 0101 1001 0110 1010 0101 0110 1001 
     (2' 0' 5  3  ) : 0000 1111 1010 0101 1001 0110 0000 1111 1010 0101 0110 1001 
     (2' 0' 5  3  ) : 1010 0101 1001 0110 1010 0101 0110 1001 
     (2' 0' 4  4  ) : 1010 1001 1010 0110 
     (2' 0' 5  4  ) : 0000 1111 1010 0101 1001 0110 0000 1111 1010 0101 0110 1001 
     (2' 0' 5  4  ) : 1010 0101 1001 0110 1010 0101 0110 1001 
     (2' 0' 5  5  ) : 1010 1001 1010 0110 
     (3' 0' 4  0  ) : 0000 1111 1010 0101 1001 0110 0000 1111 1010 0101 0110 1001 
     (3' 0' 4  0  ) : 1010 0101 1001 0110 1010 0101 0110 1001 
     (3' 0' 5  0  ) : 0000 1111 1010 0101 1001 0110 0000 1111 1010 0101 0110 1001 
     (3' 0' 5  0  ) : 1010 0101 1001 0110 1010 0101 0110 1001 
     (3' 0' 1  1  ) : 1010 1001 1010 0110 
     (3' 0' 2  1  ) : 0000 1111 1010 0101 1001 0110 0000 1111 1010 0101 0110 1001 
     (3' 0' 2  1  ) : 1010 0101 1001 0110 1010 0101 0110 1001 
     (3' 0' 3  1  ) : 0000 1111 1010 0101 1001 0110 0000 1111 1010 0101 0110 1001 
     (3' 0' 3  1  ) : 1010 0101 1001 0110 1010 0101 0110 1001 
     (3' 0' 4  1  ) : 0000 1111 1010 0101 1001 0110 0000 1111 1010 0101 0110 1001 
     (3' 0' 4  1  ) : 1010 0101 1001 0110 1010 0101 0110 1001 
     (3' 0' 5  1  ) : 0000 1111 1010 0101 1001 0110 0000 1111 1010 0101 0110 1001 
     (3' 0' 5  1  ) : 1010 0101 1001 0110 1010 0101 0110 1001 
     (3' 0' 2  2  ) : 1010 1001 1010 0110 
     (3' 0' 3  2  ) : 0000 1111 1010 0101 1001 0110 0000 1111 1010 0101 0110 1001 
     (3' 0' 3  2  ) : 1010 0101 1001 0110 1010 0101 0110 1001 
     (3' 0' 4  2  ) : 0000 1111 1010 0101 1001 0110 0000 1111 1010 0101 0110 1001 
     (3' 0' 4  2  ) : 1010 0101 1001 0110 1010 0101 0110 1001 
     (3' 0' 5  2  ) : 0000 1111 1010 0101 1001 0110 0000 1111 1010 0101 0110 1001 
     (3' 0' 5  2  ) : 1010 0101 1001 0110 1010 0101 0110 1001 
     (3' 0' 3  3  ) : 1010 1001 1010 0110 
     (3' 0' 4  3  ) : 0000 1111 1010 0101 1001 0110 0000 1111 1010 0101 0110 1001 
     (3' 0' 4  3  ) : 1010 0101 1001 0110 1010 0101 0110 1001 
     (3' 0' 5  3  ) : 0000 1111 1010 0101 1001 0110 0000 1111 1010 0101 0110 1001 
     (3' 0' 5  3  ) : 1010 0101 1001 0110 1010 0101 0110 1001 
     (3' 0' 4  4  ) : 1010 1001 1010 0110 
     (3' 0' 5  4  ) : 0000 1111 1010 0101 1001 0110 0000 1111 1010 0101 0110 1001 
     (3' 0' 5  4  ) : 1010 0101 1001 0110 1010 0101 0110 1001 
     (3' 0' 5  5  ) : 1010 1001 1010 0110 
     (4' 0' 5  0  ) : 0000 1111 1010 0101 1001 0110 0000 1111 1010 0101 0110 1001 
     (4' 0' 5  0  ) : 1010 0101 1001 0110 1010 0101 0110 1001 
     (4' 0' 1  1  ) : 1010 1001 1010 0110 
     (4' 0' 2  1  ) : 0000 1111 1010 0101 1001 0110 0000 1111 1010 0101 0110 1001 
     (4' 0' 2  1  ) : 1010 0101 1001 0110 1010 0101 0110 1001 
     (4' 0' 3  1  ) : 0000 1111 1010 0101 1001 0110 0000 1111 1010 0101 0110 1001 
     (4' 0' 3  1  ) : 1010 0101 1001 0110 1010 0101 0110 1001 
     (4' 0' 4  1  ) : 0000 1111 1010 0101 1001 0110 0000 1111 1010 0101 0110 1001 
     (4' 0' 4  1  ) : 1010 0101 1001 0110 1010 0101 0110 1001 
     (4' 0' 5  1  ) : 0000 1111 1010 0101 1001 0110 0000 1111 1010 0101 0110 1001 
     (4' 0' 5  1  ) : 1010 0101 1001 0110 1010 0101 0110 1001 
     (4' 0' 2  2  ) : 1010 1001 1010 0110 
     (4' 0' 3  2  ) : 0000 1111 1010 0101 1001 0110 0000 1111 1010 0101 0110 1001 
     (4' 0' 3  2  ) : 1010 0101 1001 0110 1010 0101 0110 1001 
     (4' 0' 4  2  ) : 0000 1111 1010 0101 1001 0110 0000 1111 1010 0101 0110 1001 
     (4' 0' 4  2  ) : 1010 0101 1001 0110 1010 0101 0110 1001 
     (4' 0' 5  2  ) : 0000 1111 1010 0101 1001 0110 0000 1111 1010 0101 0110 1001 
     (4' 0' 5  2  ) : 1010 0101 1001 0110 1010 0101 0110 1001 
     (4' 0' 3  3  ) : 1010 1001 1010 0110 
     (4' 0' 4  3  ) : 0000 1111 1010 0101 1001 0110 0000 1111 1010 0101 0110 1001 
     (4' 0' 4  3  ) : 1010 0101 1001 0110 1010 0101 0110 1001 
     (4' 0' 5  3  ) : 0000 1111 1010 0101 1001 0110 0000 1111 1010 0101 0110 1001 
     (4' 0' 5  3  ) : 1010 0101 1001 0110 1010 0101 0110 1001 
     (4' 0' 4  4  ) : 1010 1001 1010 0110 
     (4' 0' 5  4  ) : 0000 1111 1010 0101 1001 0110 0000 1111 1010 0101 0110 1001 
     (4' 0' 5  4  ) : 1010 0101 1001 0110 1010 0101 0110 1001 
     (4' 0' 5  5  ) : 1010 1001 1010 0110 
     (5' 0' 1  1  ) : 1010 1001 1010 0110 
     (5' 0' 2  1  ) : 0000 1111 1010 0101 1001 0110 0000 1111 1010 0101 0110 1001 
     (5' 0' 2  1  ) : 1010 0101 1001 0110 1010 0101 0110 1001 
     (5' 0' 3  1  ) : 0000 1111 1010 0101 1001 0110 0000 1111 1010 0101 0110 1001 
     (5' 0' 3  1  ) : 1010 0101 1001 0110 1010 0101 0110 1001 
     (5' 0' 4  1  ) : 0000 1111 1010 0101 1001 0110 0000 1111 1010 0101 0110 1001 
     (5' 0' 4  1  ) : 1010 0101 1001 0110 1010 0101 0110 1001 
     (5' 0' 5  1  ) : 0000 1111 1010 0101 1001 0110 0000 1111 1010 0101 0110 1001 
     (5' 0' 5  1  ) : 1010 0101 1001 0110 1010 0101 0110 1001 
     (5' 0' 2  2  ) : 1010 1001 1010 0110 
     (5' 0' 3  2  ) : 0000 1111 1010 0101 1001 0110 0000 1111 1010 0101 0110 1001 
     (5' 0' 3  2  ) : 1010 0101 1001 0110 1010 0101 0110 1001 
     (5' 0' 4  2  ) : 0000 1111 1010 0101 1001 0110 0000 1111 1010 0101 0110 1001 
     (5' 0' 4  2  ) : 1010 0101 1001 0110 1010 0101 0110 1001 
     (5' 0' 5  2  ) : 0000 1111 1010 0101 1001 0110 0000 1111 1010 0101 0110 1001 
     (5' 0' 5  2  ) : 1010 0101 1001 0110 1010 0101 0110 1001 
     (5' 0' 3  3  ) : 1010 1001 1010 0110 
     (5' 0' 4  3  ) : 0000 1111 1010 0101 1001 0110 0000 1111 1010 0101 0110 1001 
     (5' 0' 4  3  ) : 1010 0101 1001 0110 1010 0101 0110 1001 
     (5' 0' 5  3  ) : 0000 1111 1010 0101 1001 0110 0000 1111 1010 0101 0110 1001 
     (5' 0' 5  3  ) : 1010 0101 1001 0110 1010 0101 0110 1001 
     (5' 0' 4  4  ) : 1010 1001 1010 0110 
     (5' 0' 5  4  ) : 0000 1111 1010 0101 1001 0110 0000 1111 1010 0101 0110 1001 
     (5' 0' 5  4  ) : 1010 0101 1001 0110 1010 0101 0110 1001 
     (5' 0' 5  5  ) : 1010 1001 1010 0110 
     (1' 1' 2  1  ) : 1010 0110 1010 1001 
     (1' 1' 3  1  ) : 1010 0110 1010 1001 
     (1' 1' 4  1  ) : 1010 0110 1010 1001 
     (1' 1' 5  1  ) : 1010 0110 1010 1001 
     (1' 1' 2  2  ) : 1010 1010 
     (1' 1' 3  2  ) : 1010 0110 1010 1001 
     (1' 1' 4  2  ) : 1010 0110 1010 1001 
     (1' 1' 5  2  ) : 1010 0110 1010 1001 
     (1' 1' 3  3  ) : 1010 1010 
     (1' 1' 4  3  ) : 1010 0110 1010 1001 
     (1' 1' 5  3  ) : 1010 0110 1010 1001 
     (1' 1' 4  4  ) : 1010 1010 
     (1' 1' 5  4  ) : 1010 0110 1010 1001 
     (1' 1' 5  5  ) : 1010 1010 
     (2' 1' 3  1  ) : 0000 1111 1010 0101 1001 0110 0000 1111 1010 0101 0110 1001 
     (2' 1' 3  1  ) : 1010 0101 1001 0110 1010 0101 0110 1001 
     (2' 1' 4  1  ) : 0000 1111 1010 0101 1001 0110 0000 1111 1010 0101 0110 1001 
     (2' 1' 4  1  ) : 1010 0101 1001 0110 1010 0101 0110 1001 
     (2' 1' 5  1  ) : 0000 1111 1010 0101 1001 0110 0000 1111 1010 0101 0110 1001 
     (2' 1' 5  1  ) : 1010 0101 1001 0110 1010 0101 0110 1001 
     (2' 1' 2  2  ) : 1010 1001 1010 0110 
     (2' 1' 3  2  ) : 0000 1111 1010 0101 1001 0110 0000 1111 1010 0101 0110 1001 
     (2' 1' 3  2  ) : 1010 0101 1001 0110 1010 0101 0110 1001 
     (2' 1' 4  2  ) : 0000 1111 1010 0101 1001 0110 0000 1111 1010 0101 0110 1001 
     (2' 1' 4  2  ) : 1010 0101 1001 0110 1010 0101 0110 1001 
     (2' 1' 5  2  ) : 0000 1111 1010 0101 1001 0110 0000 1111 1010 0101 0110 1001 
     (2' 1' 5  2  ) : 1010 0101 1001 0110 1010 0101 0110 1001 
     (2' 1' 3  3  ) : 1010 1001 1010 0110 
     (2' 1' 4  3  ) : 0000 1111 1010 0101 1001 0110 0000 1111 1010 0101 0110 1001 
     (2' 1' 4  3  ) : 1010 0101 1001 0110 1010 0101 0110 1001 
     (2' 1' 5  3  ) : 0000 1111 1010 0101 1001 0110 0000 1111 1010 0101 0110 1001 
     (2' 1' 5  3  ) : 1010 0101 1001 0110 1010 0101 0110 1001 
     (2' 1' 4  4  ) : 1010 1001 1010 0110 
     (2' 1' 5  4  ) : 0000 1111 1010 0101 1001 0110 0000 1111 1010 0101 0110 1001 
     (2' 1' 5  4  ) : 1010 0101 1001 0110 1010 0101 0110 1001 
     (2' 1' 5  5  ) : 1010 1001 1010 0110 
     (3' 1' 4  1  ) : 0000 1111 1010 0101 1001 0110 0000 1111 1010 0101 0110 1001 
     (3' 1' 4  1  ) : 1010 0101 1001 0110 1010 0101 0110 1001 
     (3' 1' 5  1  ) : 0000 1111 1010 0101 1001 0110 0000 1111 1010 0101 0110 1001 
     (3' 1' 5  1  ) : 1010 0101 1001 0110 1010 0101 0110 1001 
     (3' 1' 2  2  ) : 1010 1001 1010 0110 
     (3' 1' 3  2  ) : 0000 1111 1010 0101 1001 0110 0000 1111 1010 0101 0110 1001 
     (3' 1' 3  2  ) : 1010 0101 1001 0110 1010 0101 0110 1001 
     (3' 1' 4  2  ) : 0000 1111 1010 0101 1001 0110 0000 1111 1010 0101 0110 1001 
     (3' 1' 4  2  ) : 1010 0101 1001 0110 1010 0101 0110 1001 
     (3' 1' 5  2  ) : 0000 1111 1010 0101 1001 0110 0000 1111 1010 0101 0110 1001 
     (3' 1' 5  2  ) : 1010 0101 1001 0110 1010 0101 0110 1001 
     (3' 1' 3  3  ) : 1010 1001 1010 0110 
     (3' 1' 4  3  ) : 0000 1111 1010 0101 1001 0110 0000 1111 1010 0101 0110 1001 
     (3' 1' 4  3  ) : 1010 0101 1001 0110 1010 0101 0110 1001 
     (3' 1' 5  3  ) : 0000 1111 1010 0101 1001 0110 0000 1111 1010 0101 0110 1001 
     (3' 1' 5  3  ) : 1010 0101 1001 0110 1010 0101 0110 1001 
     (3' 1' 4  4  ) : 1010 1001 1010 0110 
     (3' 1' 5  4  ) : 0000 1111 1010 0101 1001 0110 0000 1111 1010 0101 0110 1001 
     (3' 1' 5  4  ) : 1010 0101 1001 0110 1010 0101 0110 1001 
     (3' 1' 5  5  ) : 1010 1001 1010 0110 
     (4' 1' 5  1  ) : 0000 1111 1010 0101 1001 0110 0000 1111 1010 0101 0110 1001 
     (4' 1' 5  1  ) : 1010 0101 1001 0110 1010 0101 0110 1001 
     (4' 1' 2  2  ) : 1010 1001 1010 0110 
     (4' 1' 3  2  ) : 0000 1111 1010 0101 1001 0110 0000 1111 1010 0101 0110 1001 
     (4' 1' 3  2  ) : 1010 0101 1001 0110 1010 0101 0110 1001 
     (4' 1' 4  2  ) : 0000 1111 1010 0101 1001 0110 0000 1111 1010 0101 0110 1001 
     (4' 1' 4  2  ) : 1010 0101 1001 0110 1010 0101 0110 1001 
     (4' 1' 5  2  ) : 0000 1111 1010 0101 1001 0110 0000 1111 1010 0101 0110 1001 
     (4' 1' 5  2  ) : 1010 0101 1001 0110 1010 0101 0110 1001 
     (4' 1' 3  3  ) : 1010 1001 1010 0110 
     (4' 1' 4  3  ) : 0000 1111 1010 0101 1001 0110 0000 1111 1010 0101 0110 1001 
     (4' 1' 4  3  ) : 1010 0101 1001 0110 1010 0101 0110 1001 
     (4' 1' 5  3  ) : 0000 1111 1010 0101 1001 0110 0000 1111 1010 0101 0110 1001 
     (4' 1' 5  3  ) : 1010 0101 1001 0110 1010 0101 0110 1001 
     (4' 1' 4  4  ) : 1010 1001 1010 0110 
     (4' 1' 5  4  ) : 0000 1111 1010 0101 1001 0110 0000 1111 1010 0101 0110 1001 
     (4' 1' 5  4  ) : 1010 0101 1001 0110 1010 0101 0110 1001 
     (4' 1' 5  5  ) : 1010 1001 1010 0110 
     (5' 1' 2  2  ) : 1010 1001 1010 0110 
     (5' 1' 3  2  ) : 0000 1111 1010 0101 1001 0110 0000 1111 1010 0101 0110 1001 
     (5' 1' 3  2  ) : 1010 0101 1001 0110 1010 0101 0110 1001 
     (5' 1' 4  2  ) : 0000 1111 1010 0101 1001 0110 0000 1111 1010 0101 0110 1001 
     (5' 1' 4  2  ) : 1010 0101 1001 0110 1010 0101 0110 1001 
     (5' 1' 5  2  ) : 0000 1111 1010 0101 1001 0110 0000 1111 1010 0101 0110 1001 
     (5' 1' 5  2  ) : 1010 0101 1001 0110 1010 0101 0110 1001 
     (5' 1' 3  3  ) : 1010 1001 1010 0110 
     (5' 1' 4  3  ) : 0000 1111 1010 0101 1001 0110 0000 1111 1010 0101 0110 1001 
     (5' 1' 4  3  ) : 1010 0101 1001 0110 1010 0101 0110 1001 
     (5' 1' 5  3  ) : 0000 1111 1010 0101 1001 0110 0000 1111 1010 0101 0110 1001 
     (5' 1' 5  3  ) : 1010 0101 1001 0110 1010 0101 0110 1001 
     (5' 1' 4  4  ) : 1010 1001 1010 0110 
     (5' 1' 5  4  ) : 0000 1111 1010 0101 1001 0110 0000 1111 1010 0101 0110 1001 
     (5' 1' 5  4  ) : 1010 0101 1001 0110 1010 0101 0110 1001 
     (5' 1' 5  5  ) : 1010 1001 1010 0110 
     (2' 2' 3  2  ) : 1010 0110 1010 1001 
     (2' 2' 4  2  ) : 1010 0110 1010 1001 
     (2' 2' 5  2  ) : 1010 0110 1010 1001 
     (2' 2' 3  3  ) : 1010 1010 
     (2' 2' 4  3  ) : 1010 0110 1010 1001 
     (2' 2' 5  3  ) : 1010 0110 1010 1001 
     (2' 2' 4  4  ) : 1010 1010 
     (2' 2' 5  4  ) : 1010 0110 1010 1001 
     (2' 2' 5  5  ) : 1010 1010 
     (3' 2' 4  2  ) : 0000 1111 1010 0101 1001 0110 0000 1111 1010 0101 0110 1001 
     (3' 2' 4  2  ) : 1010 0101 1001 0110 1010 0101 0110 1001 
     (3' 2' 5  2  ) : 0000 1111 1010 0101 1001 0110 0000 1111 1010 0101 0110 1001 
     (3' 2' 5  2  ) : 1010 0101 1001 0110 1010 0101 0110 1001 
     (3' 2' 3  3  ) : 1010 1001 1010 0110 
     (3' 2' 4  3  ) : 0000 1111 1010 0101 1001 0110 0000 1111 1010 0101 0110 1001 
     (3' 2' 4  3  ) : 1010 0101 1001 0110 1010 0101 0110 1001 
     (3' 2' 5  3  ) : 0000 1111 1010 0101 1001 0110 0000 1111 1010 0101 0110 1001 
     (3' 2' 5  3  ) : 1010 0101 1001 0110 1010 0101 0110 1001 
     (3' 2' 4  4  ) : 1010 1001 1010 0110 
     (3' 2' 5  4  ) : 0000 1111 1010 0101 1001 0110 0000 1111 1010 0101 0110 1001 
     (3' 2' 5  4  ) : 1010 0101 1001 0110 1010 0101 0110 1001 
     (3' 2' 5  5  ) : 1010 1001 1010 0110 
     (4' 2' 5  2  ) : 0000 1111 1010 0101 1001 0110 0000 1111 1010 0101 0110 1001 
     (4' 2' 5  2  ) : 1010 0101 1001 0110 1010 0101 0110 1001 
     (4' 2' 3  3  ) : 1010 1001 1010 0110 
     (4' 2' 4  3  ) : 0000 1111 1010 0101 1001 0110 0000 1111 1010 0101 0110 1001 
     (4' 2' 4  3  ) : 1010 0101 1001 0110 1010 0101 0110 1001 
     (4' 2' 5  3  ) : 0000 1111 1010 0101 1001 0110 0000 1111 1010 0101 0110 1001 
     (4' 2' 5  3  ) : 1010 0101 1001 0110 1010 0101 0110 1001 
     (4' 2' 4  4  ) : 1010 1001 1010 0110 
     (4' 2' 5  4  ) : 0000 1111 1010 0101 1001 0110 0000 1111 1010 0101 0110 1001 
     (4' 2' 5  4  ) : 1010 0101 1001 0110 1010 0101 0110 1001 
     (4' 2' 5  5  ) : 1010 1001 1010 0110 
     (5' 2' 3  3  ) : 1010 1001 1010 0110 
     (5' 2' 4  3  ) : 0000 1111 1010 0101 1001 0110 0000 1111 1010 0101 0110 1001 
     (5' 2' 4  3  ) : 1010 0101 1001 0110 1010 0101 0110 1001 
     (5' 2' 5  3  ) : 0000 1111 1010 0101 1001 0110 0000 1111 1010 0101 0110 1001 
     (5' 2' 5  3  ) : 1010 0101 1001 0110 1010 0101 0110 1001 
     (5' 2' 4  4  ) : 1010 1001 1010 0110 
     (5' 2' 5  4  ) : 0000 1111 1010 0101 1001 0110 0000 1111 1010 0101 0110 1001 
     (5' 2' 5  4  ) : 1010 0101 1001 0110 1010 0101 0110 1001 
     (5' 2' 5  5  ) : 1010 1001 1010 0110 
     (3' 3' 4  3  ) : 1010 0110 1010 1001 
     (3' 3' 5  3  ) : 1010 0110 1010 1001 
     (3' 3' 4  4  ) : 1010 1010 
     (3' 3' 5  4  ) : 1010 0110 1010 1001 
     (3' 3' 5  5  ) : 1010 1010 
     (4' 3' 5  3  ) : 0000 1111 1010 0101 1001 0110 0000 1111 1010 0101 0110 1001 
     (4' 3' 5  3  ) : 1010 0101 1001 0110 1010 0101 0110 1001 
     (4' 3' 4  4  ) : 1010 1001 1010 0110 
     (4' 3' 5  4  ) : 0000 1111 1010 0101 1001 0110 0000 1111 1010 0101 0110 1001 
     (4' 3' 5  4  ) : 1010 0101 1001 0110 1010 0101 0110 1001 
     (4' 3' 5  5  ) : 1010 1001 1010 0110 
     (5' 3' 4  4  ) : 1010 1001 1010 0110 
     (5' 3' 5  4  ) : 0000 1111 1010 0101 1001 0110 0000 1111 1010 0101 0110 1001 
     (5' 3' 5  4  ) : 1010 0101 1001 0110 1010 0101 0110 1001 
     (5' 3' 5  5  ) : 1010 1001 1010 0110 
     (4' 4' 5  4  ) : 1010 0110 1010 1001 
     (4' 4' 5  5  ) : 1010 1010 
     (5' 4' 5  5  ) : 1010 1001 1010 0110 
 Reference Energy:  -2.62487214
 Generate Sparse Matrices for operators in pool
 Start ADAPT-VQE algorithm
 Now start to grow the ansatz




 --------------------------------------------------------------------------
                         ADAPT-VQE iteration:  0
 --------------------------------------------------------------------------
 Check each new operator for coupling
 Measure Operator Pool Gradients:
 Variance:      0.17468685
 Uncertainty:   0.41795556
   29   0.19266332      (0' 0' 3  3  ) : 1010 1010 
   31  -0.00000125      (0' 0' 5  3  ) : 1010 0110 1010 1001 
   34   0.13063749      (0' 0' 5  5  ) : 1010 1010 
   60   0.00011056      (1' 0' 4  3  ) : 0000 1111 1010 0101 1001 0110 0000 1111 1010 0101 0110 1001 
   61   0.00006383      (1' 0' 4  3  ) : 1010 0101 1001 0110 1010 0101 0110 1001 
   65  -0.00001292      (1' 0' 5  4  ) : 0000 1111 1010 0101 1001 0110 0000 1111 1010 0101 0110 1001 
   66   0.00000746      (1' 0' 5  4  ) : 1010 0101 1001 0110 1010 0101 0110 1001 
   90  -0.00000124      (2' 0' 3  3  ) : 1010 1001 1010 0110 
   93   0.11339289      (2' 0' 5  3  ) : 0000 1111 1010 0101 1001 0110 0000 1111 1010 0101 0110 1001 
   94   0.33342589      (2' 0' 5  3  ) : 1010 0101 1001 0110 1010 0101 0110 1001 
   98   0.00000110      (2' 0' 5  5  ) : 1010 1001 1010 0110 
  191   0.32461283      (1' 1' 4  4  ) : 1010 1010 
  208  -0.00001344      (2' 1' 4  3  ) : 0000 1111 1010 0101 1001 0110 0000 1111 1010 0101 0110 1001 
  209   0.00000776      (2' 1' 4  3  ) : 1010 0101 1001 0110 1010 0101 0110 1001 
  213   0.00010904      (2' 1' 5  4  ) : 0000 1111 1010 0101 1001 0110 0000 1111 1010 0101 0110 1001 
  214   0.00006296      (2' 1' 5  4  ) : 1010 0101 1001 0110 1010 0101 0110 1001 
  273   0.13745251      (2' 2' 3  3  ) : 1010 1010 
  275   0.00000117      (2' 2' 5  3  ) : 1010 0110 1010 1001 
  278   0.21654307      (2' 2' 5  5  ) : 1010 1010 
 Norm of <[H,A]> =   0.59107842
 Max  of <[H,A]> =   0.33342589
 Add operator   94
 Iter:   0 Current Energy =  -2.6887766852056916 Gradient Norm    4.9e-02 Gradient Max    4.9e-02
 Iter:   1 Current Energy =  -2.6902240545803560 Gradient Norm    1.0e-03 Gradient Max    1.0e-03
 Iter:   2 Current Energy =  -2.6902247220604067 Gradient Norm    1.1e-05 Gradient Max    1.1e-05
 Iter:   3 Current Energy =  -2.6902247221405386 Gradient Norm    3.0e-09 Gradient Max    3.0e-09
 Iter:   4 Current Energy =  -2.6902247221405400 Gradient Norm    8.9e-15 Gradient Max    8.9e-15
 Finished:      -2.690224722141
 -----------New ansatz----------- 
    #        Coeff               Term
    0  -0.39245749      (2' 0' 5  3  ) : 1010 0101 1001 0110 1010 0101 0110 1001 




 --------------------------------------------------------------------------
                         ADAPT-VQE iteration:  1
 --------------------------------------------------------------------------
 Check each new operator for coupling
 Measure Operator Pool Gradients:
 Variance:      0.16574890
 Uncertainty:   0.40712271
    1   0.00000040            (2' 0  ) : 00 11 00 11 
   13   0.00000035            (5' 3  ) : 00 11 00 11 
   16  -0.00000019      (0' 0' 2  0  ) : 1010 0110 1010 1001 
   29   0.22785307      (0' 0' 3  3  ) : 1010 1010 
   31  -0.00000072      (0' 0' 5  3  ) : 1010 0110 1010 1001 
   34   0.18690189      (0' 0' 5  5  ) : 1010 1010 
   44   0.00000049      (1' 0' 2  1  ) : 0000 1111 1010 0101 1001 0110 0000 1111 1010 0101 0110 1001 
   45  -0.00000028      (1' 0' 2  1  ) : 1010 0101 1001 0110 1010 0101 0110 1001 
   60   0.00008959      (1' 0' 4  3  ) : 0000 1111 1010 0101 1001 0110 0000 1111 1010 0101 0110 1001 
   61   0.00005172      (1' 0' 4  3  ) : 1010 0101 1001 0110 1010 0101 0110 1001 
   65  -0.00001037      (1' 0' 5  4  ) : 0000 1111 1010 0101 1001 0110 0000 1111 1010 0101 0110 1001 
   66   0.00000599      (1' 0' 5  4  ) : 1010 0101 1001 0110 1010 0101 0110 1001 
   83  -0.00000021      (2' 0' 2  2  ) : 1010 1001 1010 0110 
   90  -0.00000067      (2' 0' 3  3  ) : 1010 1001 1010 0110 
   93   0.07423402      (2' 0' 5  3  ) : 0000 1111 1010 0101 1001 0110 0000 1111 1010 0101 0110 1001 
   98   0.00000054      (2' 0' 5  5  ) : 1010 1001 1010 0110 
  101  -0.00000022      (3' 0' 5  0  ) : 0000 1111 1010 0101 1001 0110 0000 1111 1010 0101 0110 1001 
  102  -0.00000013      (3' 0' 5  0  ) : 1010 0101 1001 0110 1010 0101 0110 1001 
  113  -0.00000025      (3' 0' 3  2  ) : 0000 1111 1010 0101 1001 0110 0000 1111 1010 0101 0110 1001 
  114  -0.00000014      (3' 0' 3  2  ) : 1010 0101 1001 0110 1010 0101 0110 1001 
  117  -0.00147478      (3' 0' 5  2  ) : 0000 1111 1010 0101 1001 0110 0000 1111 1010 0101 0110 1001 
  118  -0.00085147      (3' 0' 5  2  ) : 1010 0101 1001 0110 1010 0101 0110 1001 
  133  -0.00001256      (4' 0' 3  1  ) : 0000 1111 1010 0101 1001 0110 0000 1111 1010 0101 0110 1001 
  134   0.00000725      (4' 0' 3  1  ) : 1010 0101 1001 0110 1010 0101 0110 1001 
  137  -0.00000156      (4' 0' 5  1  ) : 0000 1111 1010 0101 1001 0110 0000 1111 1010 0101 0110 1001 
  138   0.00000090      (4' 0' 5  1  ) : 1010 0101 1001 0110 1010 0101 0110 1001 
  165  -0.00516762      (5' 0' 3  2  ) : 0000 1111 1010 0101 1001 0110 0000 1111 1010 0101 0110 1001 
  166  -0.00298353      (5' 0' 3  2  ) : 1010 0101 1001 0110 1010 0101 0110 1001 
  169  -0.00000025      (5' 0' 5  2  ) : 0000 1111 1010 0101 1001 0110 0000 1111 1010 0101 0110 1001 
  170  -0.00000014      (5' 0' 5  2  ) : 1010 0101 1001 0110 1010 0101 0110 1001 
  191   0.32461283      (1' 1' 4  4  ) : 1010 1010 
  208  -0.00001094      (2' 1' 4  3  ) : 0000 1111 1010 0101 1001 0110 0000 1111 1010 0101 0110 1001 
  209   0.00000631      (2' 1' 4  3  ) : 1010 0101 1001 0110 1010 0101 0110 1001 
  213   0.00008795      (2' 1' 5  4  ) : 0000 1111 1010 0101 1001 0110 0000 1111 1010 0101 0110 1001 
  214   0.00005078      (2' 1' 5  4  ) : 1010 0101 1001 0110 1010 0101 0110 1001 
  218  -0.00000043      (3' 1' 5  1  ) : 0000 1111 1010 0101 1001 0110 0000 1111 1010 0101 0110 1001 
  219  -0.00000025      (3' 1' 5  1  ) : 1010 0101 1001 0110 1010 0101 0110 1001 
  223   0.00000148      (3' 1' 4  2  ) : 0000 1111 1010 0101 1001 0110 0000 1111 1010 0101 0110 1001 
  224  -0.00000086      (3' 1' 4  2  ) : 1010 0101 1001 0110 1010 0101 0110 1001 
  257   0.00001280      (5' 1' 4  2  ) : 0000 1111 1010 0101 1001 0110 0000 1111 1010 0101 0110 1001 
  258  -0.00000739      (5' 1' 4  2  ) : 1010 0101 1001 0110 1010 0101 0110 1001 
  273   0.19319878      (2' 2' 3  3  ) : 1010 1010 
  275   0.00000066      (2' 2' 5  3  ) : 1010 0110 1010 1001 
  278   0.24991729      (2' 2' 5  5  ) : 1010 1010 
  281  -0.00000022      (3' 2' 5  2  ) : 0000 1111 1010 0101 1001 0110 0000 1111 1010 0101 0110 1001 
  282  -0.00000013      (3' 2' 5  2  ) : 1010 0101 1001 0110 1010 0101 0110 1001 
  313  -0.00000020      (3' 3' 5  3  ) : 1010 0110 1010 1001 
  326  -0.00000016      (5' 3' 5  5  ) : 1010 1001 1010 0110 
 Norm of <[H,A]> =   0.54548737
 Max  of <[H,A]> =   0.32461283
 Add operator  191
 Iter:   0 Current Energy =  -2.7652026071429261 Gradient Norm    1.3e-01 Gradient Max    1.3e-01
 Iter:   1 Current Energy =  -2.7772779814918702 Gradient Norm    1.8e-02 Gradient Max    1.8e-02
 Iter:   2 Current Energy =  -2.7775005120623564 Gradient Norm    1.8e-04 Gradient Max    1.8e-04
 Iter:   3 Current Energy =  -2.7775005361707064 Gradient Norm    3.9e-08 Gradient Max    3.9e-08
 Iter:   4 Current Energy =  -2.7775005361707072 Gradient Norm    1.4e-11 Gradient Max    1.4e-11
 Finished:      -2.777500536171
 -----------New ansatz----------- 
    #        Coeff               Term
    0  -0.51384821      (1' 1' 4  4  ) : 1010 1010 
    1  -0.39245749      (2' 0' 5  3  ) : 1010 0101 1001 0110 1010 0101 0110 1001 




 --------------------------------------------------------------------------
                         ADAPT-VQE iteration:  2
 --------------------------------------------------------------------------
 Check each new operator for coupling
 Measure Operator Pool Gradients:
 Variance:      0.11306215
 Uncertainty:   0.33624716
    1   0.00000040            (2' 0  ) : 00 11 00 11 
   13   0.00000035            (5' 3  ) : 00 11 00 11 
   16  -0.00000015      (0' 0' 2  0  ) : 1010 0110 1010 1001 
   29   0.22785307      (0' 0' 3  3  ) : 1010 1010 
   31  -0.00000087      (0' 0' 5  3  ) : 1010 0110 1010 1001 
   34   0.18690189      (0' 0' 5  5  ) : 1010 1010 
   44   0.00000043      (1' 0' 2  1  ) : 0000 1111 1010 0101 1001 0110 0000 1111 1010 0101 0110 1001 
   45  -0.00000025      (1' 0' 2  1  ) : 1010 0101 1001 0110 1010 0101 0110 1001 
   60   0.00004593      (1' 0' 4  3  ) : 0000 1111 1010 0101 1001 0110 0000 1111 1010 0101 0110 1001 
   61   0.00002651      (1' 0' 4  3  ) : 1010 0101 1001 0110 1010 0101 0110 1001 
   65  -0.00000530      (1' 0' 5  4  ) : 0000 1111 1010 0101 1001 0110 0000 1111 1010 0101 0110 1001 
   66   0.00000306      (1' 0' 5  4  ) : 1010 0101 1001 0110 1010 0101 0110 1001 
   83  -0.00000025      (2' 0' 2  2  ) : 1010 1001 1010 0110 
   90  -0.00000052      (2' 0' 3  3  ) : 1010 1001 1010 0110 
   93   0.07423403      (2' 0' 5  3  ) : 0000 1111 1010 0101 1001 0110 0000 1111 1010 0101 0110 1001 
   98   0.00000069      (2' 0' 5  5  ) : 1010 1001 1010 0110 
  101  -0.00000022      (3' 0' 5  0  ) : 0000 1111 1010 0101 1001 0110 0000 1111 1010 0101 0110 1001 
  102  -0.00000013      (3' 0' 5  0  ) : 1010 0101 1001 0110 1010 0101 0110 1001 
  113  -0.00000025      (3' 0' 3  2  ) : 0000 1111 1010 0101 1001 0110 0000 1111 1010 0101 0110 1001 
  114  -0.00000014      (3' 0' 3  2  ) : 1010 0101 1001 0110 1010 0101 0110 1001 
  117  -0.00147478      (3' 0' 5  2  ) : 0000 1111 1010 0101 1001 0110 0000 1111 1010 0101 0110 1001 
  118  -0.00085147      (3' 0' 5  2  ) : 1010 0101 1001 0110 1010 0101 0110 1001 
  133   0.00001164      (4' 0' 3  1  ) : 0000 1111 1010 0101 1001 0110 0000 1111 1010 0101 0110 1001 
  134  -0.00000672      (4' 0' 3  1  ) : 1010 0101 1001 0110 1010 0101 0110 1001 
  137   0.00000129      (4' 0' 5  1  ) : 0000 1111 1010 0101 1001 0110 0000 1111 1010 0101 0110 1001 
  138  -0.00000074      (4' 0' 5  1  ) : 1010 0101 1001 0110 1010 0101 0110 1001 
  142  -0.00000006      (4' 0' 4  2  ) : 0000 1111 1010 0101 1001 0110 0000 1111 1010 0101 0110 1001 
  143  -0.00000004      (4' 0' 4  2  ) : 1010 0101 1001 0110 1010 0101 0110 1001 
  165  -0.00516762      (5' 0' 3  2  ) : 0000 1111 1010 0101 1001 0110 0000 1111 1010 0101 0110 1001 
  166  -0.00298353      (5' 0' 3  2  ) : 1010 0101 1001 0110 1010 0101 0110 1001 
  169  -0.00000025      (5' 0' 5  2  ) : 0000 1111 1010 0101 1001 0110 0000 1111 1010 0101 0110 1001 
  170  -0.00000014      (5' 0' 5  2  ) : 1010 0101 1001 0110 1010 0101 0110 1001 
  208  -0.00000562      (2' 1' 4  3  ) : 0000 1111 1010 0101 1001 0110 0000 1111 1010 0101 0110 1001 
  209   0.00000324      (2' 1' 4  3  ) : 1010 0101 1001 0110 1010 0101 0110 1001 
  213   0.00004499      (2' 1' 5  4  ) : 0000 1111 1010 0101 1001 0110 0000 1111 1010 0101 0110 1001 
  214   0.00002598      (2' 1' 5  4  ) : 1010 0101 1001 0110 1010 0101 0110 1001 
  218  -0.00000038      (3' 1' 5  1  ) : 0000 1111 1010 0101 1001 0110 0000 1111 1010 0101 0110 1001 
  219  -0.00000022      (3' 1' 5  1  ) : 1010 0101 1001 0110 1010 0101 0110 1001 
  223  -0.00000145      (3' 1' 4  2  ) : 0000 1111 1010 0101 1001 0110 0000 1111 1010 0101 0110 1001 
  224   0.00000084      (3' 1' 4  2  ) : 1010 0101 1001 0110 1010 0101 0110 1001 
  257  -0.00001118      (5' 1' 4  2  ) : 0000 1111 1010 0101 1001 0110 0000 1111 1010 0101 0110 1001 
  258   0.00000645      (5' 1' 4  2  ) : 1010 0101 1001 0110 1010 0101 0110 1001 
  273   0.19319878      (2' 2' 3  3  ) : 1010 1010 
  275   0.00000051      (2' 2' 5  3  ) : 1010 0110 1010 1001 
  278   0.24991729      (2' 2' 5  5  ) : 1010 1010 
  281  -0.00000022      (3' 2' 5  2  ) : 0000 1111 1010 0101 1001 0110 0000 1111 1010 0101 0110 1001 
  282  -0.00000013      (3' 2' 5  2  ) : 1010 0101 1001 0110 1010 0101 0110 1001 
  313  -0.00000015      (3' 3' 5  3  ) : 1010 0110 1010 1001 
  320   0.00000005      (4' 3' 5  4  ) : 0000 1111 1010 0101 1001 0110 0000 1111 1010 0101 0110 1001 
  321  -0.00000003      (4' 3' 5  4  ) : 1010 0101 1001 0110 1010 0101 0110 1001 
  326  -0.00000020      (5' 3' 5  5  ) : 1010 1001 1010 0110 
 Norm of <[H,A]> =   0.43838677
 Max  of <[H,A]> =   0.24991729
 Add operator  278
 Iter:   0 Current Energy =  -2.8199038989016207 Gradient Norm    8.7e-02 Gradient Max    8.7e-02
 Iter:   1 Current Energy =  -2.8254278590544715 Gradient Norm    5.0e-03 Gradient Max    4.1e-03
 Iter:   2 Current Energy =  -2.8254439764923900 Gradient Norm    1.9e-04 Gradient Max    1.9e-04
 Iter:   3 Current Energy =  -2.8254439968916678 Gradient Norm    9.0e-06 Gradient Max    8.3e-06
 Iter:   4 Current Energy =  -2.8254439969405660 Gradient Norm    5.4e-08 Gradient Max    5.4e-08
 Iter:   5 Current Energy =  -2.8254439969405678 Gradient Norm    5.4e-10 Gradient Max    4.6e-10
 Finished:      -2.825443996941
 -----------New ansatz----------- 
    #        Coeff               Term
    0  -0.37687241      (2' 2' 5  5  ) : 1010 1010 
    1  -0.51384821      (1' 1' 4  4  ) : 1010 1010 
    2  -0.40551144      (2' 0' 5  3  ) : 1010 0101 1001 0110 1010 0101 0110 1001 




 --------------------------------------------------------------------------
                         ADAPT-VQE iteration:  3
 --------------------------------------------------------------------------
 Check each new operator for coupling
 Measure Operator Pool Gradients:
 Variance:      0.05868587
 Uncertainty:   0.24225167
    1   0.00000028            (2' 0  ) : 00 11 00 11 
   13   0.00000015            (5' 3  ) : 00 11 00 11 
   16  -0.00000003      (0' 0' 2  0  ) : 1010 0110 1010 1001 
   25  -0.04050578      (0' 0' 2  2  ) : 1010 1010 
   29   0.25316005      (0' 0' 3  3  ) : 1010 1010 
   31  -0.00000078      (0' 0' 5  3  ) : 1010 0110 1010 1001 
   34   0.13636750      (0' 0' 5  5  ) : 1010 1010 
   44   0.00000026      (1' 0' 2  1  ) : 0000 1111 1010 0101 1001 0110 0000 1111 1010 0101 0110 1001 
   45  -0.00000015      (1' 0' 2  1  ) : 1010 0101 1001 0110 1010 0101 0110 1001 
   60   0.00004854      (1' 0' 4  3  ) : 0000 1111 1010 0101 1001 0110 0000 1111 1010 0101 0110 1001 
   61   0.00002802      (1' 0' 4  3  ) : 1010 0101 1001 0110 1010 0101 0110 1001 
   65  -0.00000483      (1' 0' 5  4  ) : 0000 1111 1010 0101 1001 0110 0000 1111 1010 0101 0110 1001 
   66   0.00000279      (1' 0' 5  4  ) : 1010 0101 1001 0110 1010 0101 0110 1001 
   83  -0.00000025      (2' 0' 2  2  ) : 1010 1001 1010 0110 
   90  -0.00000043      (2' 0' 3  3  ) : 1010 1001 1010 0110 
   93  -0.00735345      (2' 0' 5  3  ) : 0000 1111 1010 0101 1001 0110 0000 1111 1010 0101 0110 1001 
   94   0.02023825      (2' 0' 5  3  ) : 1010 0101 1001 0110 1010 0101 0110 1001 
   98   0.00000064      (2' 0' 5  5  ) : 1010 1001 1010 0110 
  101   0.00000003      (3' 0' 5  0  ) : 0000 1111 1010 0101 1001 0110 0000 1111 1010 0101 0110 1001 
  102   0.00000002      (3' 0' 5  0  ) : 1010 0101 1001 0110 1010 0101 0110 1001 
  113  -0.00000029      (3' 0' 3  2  ) : 0000 1111 1010 0101 1001 0110 0000 1111 1010 0101 0110 1001 
  114  -0.00000016      (3' 0' 3  2  ) : 1010 0101 1001 0110 1010 0101 0110 1001 
  117   0.00005976      (3' 0' 5  2  ) : 0000 1111 1010 0101 1001 0110 0000 1111 1010 0101 0110 1001 
  118   0.00003450      (3' 0' 5  2  ) : 1010 0101 1001 0110 1010 0101 0110 1001 
  133   0.00001445      (4' 0' 3  1  ) : 0000 1111 1010 0101 1001 0110 0000 1111 1010 0101 0110 1001 
  134  -0.00000834      (4' 0' 3  1  ) : 1010 0101 1001 0110 1010 0101 0110 1001 
  137   0.00000113      (4' 0' 5  1  ) : 0000 1111 1010 0101 1001 0110 0000 1111 1010 0101 0110 1001 
  138  -0.00000065      (4' 0' 5  1  ) : 1010 0101 1001 0110 1010 0101 0110 1001 
  142  -0.00000008      (4' 0' 4  2  ) : 0000 1111 1010 0101 1001 0110 0000 1111 1010 0101 0110 1001 
  143  -0.00000005      (4' 0' 4  2  ) : 1010 0101 1001 0110 1010 0101 0110 1001 
  165   0.05691599      (5' 0' 3  2  ) : 0000 1111 1010 0101 1001 0110 0000 1111 1010 0101 0110 1001 
  166   0.03538293      (5' 0' 3  2  ) : 1010 0101 1001 0110 1010 0101 0110 1001 
  169  -0.00000006      (5' 0' 5  2  ) : 0000 1111 1010 0101 1001 0110 0000 1111 1010 0101 0110 1001 
  170  -0.00000003      (5' 0' 5  2  ) : 1010 0101 1001 0110 1010 0101 0110 1001 
  208  -0.00000514      (2' 1' 4  3  ) : 0000 1111 1010 0101 1001 0110 0000 1111 1010 0101 0110 1001 
  209   0.00000297      (2' 1' 4  3  ) : 1010 0101 1001 0110 1010 0101 0110 1001 
  213   0.00002629      (2' 1' 5  4  ) : 0000 1111 1010 0101 1001 0110 0000 1111 1010 0101 0110 1001 
  214   0.00001518      (2' 1' 5  4  ) : 1010 0101 1001 0110 1010 0101 0110 1001 
  218  -0.00000020      (3' 1' 5  1  ) : 0000 1111 1010 0101 1001 0110 0000 1111 1010 0101 0110 1001 
  219  -0.00000012      (3' 1' 5  1  ) : 1010 0101 1001 0110 1010 0101 0110 1001 
  223  -0.00000128      (3' 1' 4  2  ) : 0000 1111 1010 0101 1001 0110 0000 1111 1010 0101 0110 1001 
  224   0.00000074      (3' 1' 4  2  ) : 1010 0101 1001 0110 1010 0101 0110 1001 
  257   0.00000267      (5' 1' 4  2  ) : 0000 1111 1010 0101 1001 0110 0000 1111 1010 0101 0110 1001 
  258  -0.00000154      (5' 1' 4  2  ) : 1010 0101 1001 0110 1010 0101 0110 1001 
  273   0.13612887      (2' 2' 3  3  ) : 1010 1010 
  275   0.00000067      (2' 2' 5  3  ) : 1010 0110 1010 1001 
  281  -0.00000022      (3' 2' 5  2  ) : 0000 1111 1010 0101 1001 0110 0000 1111 1010 0101 0110 1001 
  282  -0.00000013      (3' 2' 5  2  ) : 1010 0101 1001 0110 1010 0101 0110 1001 
  313  -0.00000015      (3' 3' 5  3  ) : 1010 0110 1010 1001 
  316   0.04044592      (3' 3' 5  5  ) : 1010 1010 
  320  -0.00000001      (4' 3' 5  4  ) : 0000 1111 1010 0101 1001 0110 0000 1111 1010 0101 0110 1001 
  321   0.00000001      (4' 3' 5  4  ) : 1010 0101 1001 0110 1010 0101 0110 1001 
  326  -0.00000001      (5' 3' 5  5  ) : 1010 1001 1010 0110 
 Norm of <[H,A]> =   0.33083050
 Max  of <[H,A]> =   0.25316005
 Add operator   29
 Iter:   0 Current Energy =  -2.8693099285487733 Gradient Norm    9.5e-02 Gradient Max    9.1e-02
 Iter:   1 Current Energy =  -2.8766998677543190 Gradient Norm    1.4e-02 Gradient Max    1.3e-02
 Iter:   2 Current Energy =  -2.8768299716354848 Gradient Norm    4.7e-03 Gradient Max    4.5e-03
 Iter:   3 Current Energy =  -2.8768460147590593 Gradient Norm    2.5e-05 Gradient Max    2.5e-05
 Iter:   4 Current Energy =  -2.8768460150843005 Gradient Norm    1.1e-06 Gradient Max    1.0e-06
 Iter:   5 Current Energy =  -2.8768460150848654 Gradient Norm    2.1e-09 Gradient Max    1.4e-09
 Iter:   6 Current Energy =  -2.8768460150848654 Gradient Norm    8.6e-12 Gradient Max    7.1e-12
 Finished:      -2.876846015085
 -----------New ansatz----------- 
    #        Coeff               Term
    0  -0.40066673      (0' 0' 3  3  ) : 1010 1010 
    1  -0.42213083      (2' 2' 5  5  ) : 1010 1010 
    2  -0.51384820      (1' 1' 4  4  ) : 1010 1010 
    3  -0.44825872      (2' 0' 5  3  ) : 1010 0101 1001 0110 1010 0101 0110 1001 




 --------------------------------------------------------------------------
                         ADAPT-VQE iteration:  4
 --------------------------------------------------------------------------
 Check each new operator for coupling
 Measure Operator Pool Gradients:
 Variance:      0.01750942
 Uncertainty:   0.13232315
    1   0.00000013            (2' 0  ) : 00 11 00 11 
   13   0.00000005            (5' 3  ) : 00 11 00 11 
   16  -0.00000005      (0' 0' 2  0  ) : 1010 0110 1010 1001 
   25  -0.00054758      (0' 0' 2  2  ) : 1010 1010 
   31  -0.00000066      (0' 0' 5  3  ) : 1010 0110 1010 1001 
   34   0.08336450      (0' 0' 5  5  ) : 1010 1010 
   44   0.00000013      (1' 0' 2  1  ) : 0000 1111 1010 0101 1001 0110 0000 1111 1010 0101 0110 1001 
   45  -0.00000008      (1' 0' 2  1  ) : 1010 0101 1001 0110 1010 0101 0110 1001 
   60   0.00002719      (1' 0' 4  3  ) : 0000 1111 1010 0101 1001 0110 0000 1111 1010 0101 0110 1001 
   61   0.00001570      (1' 0' 4  3  ) : 1010 0101 1001 0110 1010 0101 0110 1001 
   65  -0.00000410      (1' 0' 5  4  ) : 0000 1111 1010 0101 1001 0110 0000 1111 1010 0101 0110 1001 
   66   0.00000237      (1' 0' 5  4  ) : 1010 0101 1001 0110 1010 0101 0110 1001 
   83  -0.00000008      (2' 0' 2  2  ) : 1010 1001 1010 0110 
   90  -0.00000057      (2' 0' 3  3  ) : 1010 1001 1010 0110 
   93  -0.07164463      (2' 0' 5  3  ) : 0000 1111 1010 0101 1001 0110 0000 1111 1010 0101 0110 1001 
   98   0.00000054      (2' 0' 5  5  ) : 1010 1001 1010 0110 
  101  -0.00000004      (3' 0' 5  0  ) : 0000 1111 1010 0101 1001 0110 0000 1111 1010 0101 0110 1001 
  102  -0.00000002      (3' 0' 5  0  ) : 1010 0101 1001 0110 1010 0101 0110 1001 
  113  -0.00000008      (3' 0' 3  2  ) : 0000 1111 1010 0101 1001 0110 0000 1111 1010 0101 0110 1001 
  114  -0.00000005      (3' 0' 3  2  ) : 1010 0101 1001 0110 1010 0101 0110 1001 
  117  -0.00126564      (3' 0' 5  2  ) : 0000 1111 1010 0101 1001 0110 0000 1111 1010 0101 0110 1001 
  118  -0.00073072      (3' 0' 5  2  ) : 1010 0101 1001 0110 1010 0101 0110 1001 
  133  -0.00000102      (4' 0' 3  1  ) : 0000 1111 1010 0101 1001 0110 0000 1111 1010 0101 0110 1001 
  134   0.00000059      (4' 0' 3  1  ) : 1010 0101 1001 0110 1010 0101 0110 1001 
  137   0.00000084      (4' 0' 5  1  ) : 0000 1111 1010 0101 1001 0110 0000 1111 1010 0101 0110 1001 
  138  -0.00000048      (4' 0' 5  1  ) : 1010 0101 1001 0110 1010 0101 0110 1001 
  142  -0.00000002      (4' 0' 4  2  ) : 0000 1111 1010 0101 1001 0110 0000 1111 1010 0101 0110 1001 
  143  -0.00000001      (4' 0' 4  2  ) : 1010 0101 1001 0110 1010 0101 0110 1001 
  165  -0.00069330      (5' 0' 3  2  ) : 0000 1111 1010 0101 1001 0110 0000 1111 1010 0101 0110 1001 
  166   0.00126728      (5' 0' 3  2  ) : 1010 0101 1001 0110 1010 0101 0110 1001 
  169  -0.00000008      (5' 0' 5  2  ) : 0000 1111 1010 0101 1001 0110 0000 1111 1010 0101 0110 1001 
  170  -0.00000004      (5' 0' 5  2  ) : 1010 0101 1001 0110 1010 0101 0110 1001 
  208  -0.00000439      (2' 1' 4  3  ) : 0000 1111 1010 0101 1001 0110 0000 1111 1010 0101 0110 1001 
  209   0.00000253      (2' 1' 4  3  ) : 1010 0101 1001 0110 1010 0101 0110 1001 
  213   0.00002544      (2' 1' 5  4  ) : 0000 1111 1010 0101 1001 0110 0000 1111 1010 0101 0110 1001 
  214   0.00001469      (2' 1' 5  4  ) : 1010 0101 1001 0110 1010 0101 0110 1001 
  218  -0.00000006      (3' 1' 5  1  ) : 0000 1111 1010 0101 1001 0110 0000 1111 1010 0101 0110 1001 
  219  -0.00000004      (3' 1' 5  1  ) : 1010 0101 1001 0110 1010 0101 0110 1001 
  223  -0.00000099      (3' 1' 4  2  ) : 0000 1111 1010 0101 1001 0110 0000 1111 1010 0101 0110 1001 
  224   0.00000057      (3' 1' 4  2  ) : 1010 0101 1001 0110 1010 0101 0110 1001 
  257   0.00000184      (5' 1' 4  2  ) : 0000 1111 1010 0101 1001 0110 0000 1111 1010 0101 0110 1001 
  258  -0.00000106      (5' 1' 4  2  ) : 1010 0101 1001 0110 1010 0101 0110 1001 
  273   0.08813276      (2' 2' 3  3  ) : 1010 1010 
  275   0.00000055      (2' 2' 5  3  ) : 1010 0110 1010 1001 
  281  -0.00000002      (3' 2' 5  2  ) : 0000 1111 1010 0101 1001 0110 0000 1111 1010 0101 0110 1001 
  282  -0.00000001      (3' 2' 5  2  ) : 1010 0101 1001 0110 1010 0101 0110 1001 
  313  -0.00000002      (3' 3' 5  3  ) : 1010 0110 1010 1001 
  316   0.00290929      (3' 3' 5  5  ) : 1010 1010 
  320   0.00000000      (4' 3' 5  4  ) : 0000 1111 1010 0101 1001 0110 0000 1111 1010 0101 0110 1001 
  321  -0.00000000      (4' 3' 5  4  ) : 1010 0101 1001 0110 1010 0101 0110 1001 
  326  -0.00000003      (5' 3' 5  5  ) : 1010 1001 1010 0110 
 Norm of <[H,A]> =   0.14093602
 Max  of <[H,A]> =   0.08813276
 Add operator  273
 Iter:   0 Current Energy =  -2.8840316767240419 Gradient Norm    7.7e-02 Gradient Max    7.5e-02
 Iter:   1 Current Energy =  -2.8964374747169637 Gradient Norm    5.9e-02 Gradient Max    4.9e-02
 Iter:   2 Current Energy =  -2.9083772830311436 Gradient Norm    6.2e-02 Gradient Max    3.9e-02
 Iter:   3 Current Energy =  -2.9106759103807804 Gradient Norm    3.4e-02 Gradient Max    2.4e-02
 Iter:   4 Current Energy =  -2.9119633794894737 Gradient Norm    2.9e-03 Gradient Max    2.6e-03
 Iter:   5 Current Energy =  -2.9119720959354387 Gradient Norm    2.4e-04 Gradient Max    2.1e-04
 Iter:   6 Current Energy =  -2.9119721412269688 Gradient Norm    8.5e-06 Gradient Max    6.6e-06
 Iter:   7 Current Energy =  -2.9119721412730142 Gradient Norm    1.8e-06 Gradient Max    1.3e-06
 Iter:   8 Current Energy =  -2.9119721412750397 Gradient Norm    3.1e-08 Gradient Max    2.8e-08
 Iter:   9 Current Energy =  -2.9119721412750410 Gradient Norm    2.0e-09 Gradient Max    1.8e-09
 Iter:  10 Current Energy =  -2.9119721412750410 Gradient Norm    1.5e-09 Gradient Max    1.3e-09
 Finished:      -2.911972141275
 -----------New ansatz----------- 
    #        Coeff               Term
    0  -0.73899783      (2' 2' 3  3  ) : 1010 1010 
    1  -0.21238969      (0' 0' 3  3  ) : 1010 1010 
    2  -0.21853516      (2' 2' 5  5  ) : 1010 1010 
    3  -0.51384817      (1' 1' 4  4  ) : 1010 1010 
    4  -0.45574197      (2' 0' 5  3  ) : 1010 0101 1001 0110 1010 0101 0110 1001 




 --------------------------------------------------------------------------
                         ADAPT-VQE iteration:  5
 --------------------------------------------------------------------------
 Check each new operator for coupling
 Measure Operator Pool Gradients:
 Variance:      0.02866579
 Uncertainty:   0.16930973
    1   0.00000180            (2' 0  ) : 00 11 00 11 
   13   0.00000173            (5' 3  ) : 00 11 00 11 
   16  -0.00000199      (0' 0' 2  0  ) : 1010 0110 1010 1001 
   25  -0.02632932      (0' 0' 2  2  ) : 1010 1010 
   29   0.01682890      (0' 0' 3  3  ) : 1010 1010 
   31  -0.00000029      (0' 0' 5  3  ) : 1010 0110 1010 1001 
   34   0.21150419      (0' 0' 5  5  ) : 1010 1010 
   44   0.00000180      (1' 0' 2  1  ) : 0000 1111 1010 0101 1001 0110 0000 1111 1010 0101 0110 1001 
   45  -0.00000104      (1' 0' 2  1  ) : 1010 0101 1001 0110 1010 0101 0110 1001 
   60   0.00002526      (1' 0' 4  3  ) : 0000 1111 1010 0101 1001 0110 0000 1111 1010 0101 0110 1001 
   61   0.00001459      (1' 0' 4  3  ) : 1010 0101 1001 0110 1010 0101 0110 1001 
   65  -0.00000559      (1' 0' 5  4  ) : 0000 1111 1010 0101 1001 0110 0000 1111 1010 0101 0110 1001 
   66   0.00000323      (1' 0' 5  4  ) : 1010 0101 1001 0110 1010 0101 0110 1001 
   83   0.00000018      (2' 0' 2  2  ) : 1010 1001 1010 0110 
   90  -0.00000206      (2' 0' 3  3  ) : 1010 1001 1010 0110 
   93   0.04926333      (2' 0' 5  3  ) : 0000 1111 1010 0101 1001 0110 0000 1111 1010 0101 0110 1001 
   94   0.03835314      (2' 0' 5  3  ) : 1010 0101 1001 0110 1010 0101 0110 1001 
   98   0.00000018      (2' 0' 5  5  ) : 1010 1001 1010 0110 
  101  -0.00000166      (3' 0' 5  0  ) : 0000 1111 1010 0101 1001 0110 0000 1111 1010 0101 0110 1001 
  102  -0.00000096      (3' 0' 5  0  ) : 1010 0101 1001 0110 1010 0101 0110 1001 
  113  -0.00000168      (3' 0' 3  2  ) : 0000 1111 1010 0101 1001 0110 0000 1111 1010 0101 0110 1001 
  114  -0.00000097      (3' 0' 3  2  ) : 1010 0101 1001 0110 1010 0101 0110 1001 
  117   0.03515919      (3' 0' 5  2  ) : 0000 1111 1010 0101 1001 0110 0000 1111 1010 0101 0110 1001 
  118   0.05854756      (3' 0' 5  2  ) : 1010 0101 1001 0110 1010 0101 0110 1001 
  133   0.00000135      (4' 0' 3  1  ) : 0000 1111 1010 0101 1001 0110 0000 1111 1010 0101 0110 1001 
  134  -0.00000078      (4' 0' 3  1  ) : 1010 0101 1001 0110 1010 0101 0110 1001 
  137   0.00000188      (4' 0' 5  1  ) : 0000 1111 1010 0101 1001 0110 0000 1111 1010 0101 0110 1001 
  138  -0.00000108      (4' 0' 5  1  ) : 1010 0101 1001 0110 1010 0101 0110 1001 
  142  -0.00000041      (4' 0' 4  2  ) : 0000 1111 1010 0101 1001 0110 0000 1111 1010 0101 0110 1001 
  143  -0.00000024      (4' 0' 4  2  ) : 1010 0101 1001 0110 1010 0101 0110 1001 
  165   0.00016443      (5' 0' 3  2  ) : 0000 1111 1010 0101 1001 0110 0000 1111 1010 0101 0110 1001 
  166  -0.00023809      (5' 0' 3  2  ) : 1010 0101 1001 0110 1010 0101 0110 1001 
  169  -0.00000053      (5' 0' 5  2  ) : 0000 1111 1010 0101 1001 0110 0000 1111 1010 0101 0110 1001 
  170  -0.00000031      (5' 0' 5  2  ) : 1010 0101 1001 0110 1010 0101 0110 1001 
  208  -0.00000119      (2' 1' 4  3  ) : 0000 1111 1010 0101 1001 0110 0000 1111 1010 0101 0110 1001 
  209   0.00000068      (2' 1' 4  3  ) : 1010 0101 1001 0110 1010 0101 0110 1001 
  213   0.00002440      (2' 1' 5  4  ) : 0000 1111 1010 0101 1001 0110 0000 1111 1010 0101 0110 1001 
  214   0.00001409      (2' 1' 5  4  ) : 1010 0101 1001 0110 1010 0101 0110 1001 
  218  -0.00000172      (3' 1' 5  1  ) : 0000 1111 1010 0101 1001 0110 0000 1111 1010 0101 0110 1001 
  219  -0.00000099      (3' 1' 5  1  ) : 1010 0101 1001 0110 1010 0101 0110 1001 
  223   0.00000075      (3' 1' 4  2  ) : 0000 1111 1010 0101 1001 0110 0000 1111 1010 0101 0110 1001 
  224  -0.00000043      (3' 1' 4  2  ) : 1010 0101 1001 0110 1010 0101 0110 1001 
  257  -0.00000091      (5' 1' 4  2  ) : 0000 1111 1010 0101 1001 0110 0000 1111 1010 0101 0110 1001 
  258   0.00000052      (5' 1' 4  2  ) : 1010 0101 1001 0110 1010 0101 0110 1001 
  275   0.00000214      (2' 2' 5  3  ) : 1010 0110 1010 1001 
  278   0.01637019      (2' 2' 5  5  ) : 1010 1010 
  281  -0.00000046      (3' 2' 5  2  ) : 0000 1111 1010 0101 1001 0110 0000 1111 1010 0101 0110 1001 
  282  -0.00000027      (3' 2' 5  2  ) : 1010 0101 1001 0110 1010 0101 0110 1001 
  313  -0.00000199      (3' 3' 5  3  ) : 1010 0110 1010 1001 
  316  -0.02536744      (3' 3' 5  5  ) : 1010 1010 
  320   0.00000039      (4' 3' 5  4  ) : 0000 1111 1010 0101 1001 0110 0000 1111 1010 0101 0110 1001 
  321  -0.00000023      (4' 3' 5  4  ) : 1010 0101 1001 0110 1010 0101 0110 1001 
  326   0.00000026      (5' 3' 5  5  ) : 1010 1001 1010 0110 
 Norm of <[H,A]> =   0.23491247
 Max  of <[H,A]> =   0.21150419
 Add operator   34
 Iter:   0 Current Energy =  -2.9345671200691217 Gradient Norm    4.8e-02 Gradient Max    4.2e-02
 Iter:   1 Current Energy =  -2.9357833015193435 Gradient Norm    2.1e-02 Gradient Max    1.9e-02
 Iter:   2 Current Energy =  -2.9361802628205660 Gradient Norm    1.7e-02 Gradient Max    1.4e-02
 Iter:   3 Current Energy =  -2.9367393785625935 Gradient Norm    8.2e-03 Gradient Max    4.3e-03
 Iter:   4 Current Energy =  -2.9368750093039426 Gradient Norm    3.5e-03 Gradient Max    2.2e-03
 Iter:   5 Current Energy =  -2.9368841032598061 Gradient Norm    1.5e-03 Gradient Max    9.2e-04
 Iter:   6 Current Energy =  -2.9368858872761070 Gradient Norm    6.5e-05 Gradient Max    4.5e-05
 Iter:   7 Current Energy =  -2.9368858918748781 Gradient Norm    5.8e-06 Gradient Max    3.0e-06
 Iter:   8 Current Energy =  -2.9368858919101810 Gradient Norm    4.8e-07 Gradient Max    3.7e-07
 Iter:   9 Current Energy =  -2.9368858919103258 Gradient Norm    8.3e-08 Gradient Max    5.8e-08
 Iter:  10 Current Energy =  -2.9368858919103293 Gradient Norm    5.5e-10 Gradient Max    3.7e-10
 Finished:      -2.936885891910
 -----------New ansatz----------- 
    #        Coeff               Term
    0  -0.23268262      (0' 0' 5  5  ) : 1010 1010 
    1  -0.86435435      (2' 2' 3  3  ) : 1010 1010 
    2  -0.17240070      (0' 0' 3  3  ) : 1010 1010 
    3  -0.17680663      (2' 2' 5  5  ) : 1010 1010 
    4  -0.51384816      (1' 1' 4  4  ) : 1010 1010 
    5  -0.48686073      (2' 0' 5  3  ) : 1010 0101 1001 0110 1010 0101 0110 1001 




 --------------------------------------------------------------------------
                         ADAPT-VQE iteration:  6
 --------------------------------------------------------------------------
 Check each new operator for coupling
 Measure Operator Pool Gradients:
 Variance:      0.00839630
 Uncertainty:   0.09163132
    1   0.00000244            (2' 0  ) : 00 11 00 11 
   13   0.00000238            (5' 3  ) : 00 11 00 11 
   16  -0.00000232      (0' 0' 2  0  ) : 1010 0110 1010 1001 
   25  -0.00268867      (0' 0' 2  2  ) : 1010 1010 
   31  -0.00000035      (0' 0' 5  3  ) : 1010 0110 1010 1001 
   44   0.00000245      (1' 0' 2  1  ) : 0000 1111 1010 0101 1001 0110 0000 1111 1010 0101 0110 1001 
   45  -0.00000141      (1' 0' 2  1  ) : 1010 0101 1001 0110 1010 0101 0110 1001 
   60   0.00002079      (1' 0' 4  3  ) : 0000 1111 1010 0101 1001 0110 0000 1111 1010 0101 0110 1001 
   61   0.00001201      (1' 0' 4  3  ) : 1010 0101 1001 0110 1010 0101 0110 1001 
   65  -0.00000437      (1' 0' 5  4  ) : 0000 1111 1010 0101 1001 0110 0000 1111 1010 0101 0110 1001 
   66   0.00000252      (1' 0' 5  4  ) : 1010 0101 1001 0110 1010 0101 0110 1001 
   83  -0.00000012      (2' 0' 2  2  ) : 1010 1001 1010 0110 
   90  -0.00000199      (2' 0' 3  3  ) : 1010 1001 1010 0110 
   93   0.07737744      (2' 0' 5  3  ) : 0000 1111 1010 0101 1001 0110 0000 1111 1010 0101 0110 1001 
   98   0.00000025      (2' 0' 5  5  ) : 1010 1001 1010 0110 
  101  -0.00000220      (3' 0' 5  0  ) : 0000 1111 1010 0101 1001 0110 0000 1111 1010 0101 0110 1001 
  102  -0.00000127      (3' 0' 5  0  ) : 1010 0101 1001 0110 1010 0101 0110 1001 
  113  -0.00000221      (3' 0' 3  2  ) : 0000 1111 1010 0101 1001 0110 0000 1111 1010 0101 0110 1001 
  114  -0.00000127      (3' 0' 3  2  ) : 1010 0101 1001 0110 1010 0101 0110 1001 
  117  -0.02032298      (3' 0' 5  2  ) : 0000 1111 1010 0101 1001 0110 0000 1111 1010 0101 0110 1001 
  118   0.05134677      (3' 0' 5  2  ) : 1010 0101 1001 0110 1010 0101 0110 1001 
  133   0.00000029      (4' 0' 3  1  ) : 0000 1111 1010 0101 1001 0110 0000 1111 1010 0101 0110 1001 
  134  -0.00000017      (4' 0' 3  1  ) : 1010 0101 1001 0110 1010 0101 0110 1001 
  137   0.00000085      (4' 0' 5  1  ) : 0000 1111 1010 0101 1001 0110 0000 1111 1010 0101 0110 1001 
  138  -0.00000049      (4' 0' 5  1  ) : 1010 0101 1001 0110 1010 0101 0110 1001 
  142  -0.00000053      (4' 0' 4  2  ) : 0000 1111 1010 0101 1001 0110 0000 1111 1010 0101 0110 1001 
  143  -0.00000031      (4' 0' 4  2  ) : 1010 0101 1001 0110 1010 0101 0110 1001 
  165   0.00024743      (5' 0' 3  2  ) : 0000 1111 1010 0101 1001 0110 0000 1111 1010 0101 0110 1001 
  166  -0.00031211      (5' 0' 3  2  ) : 1010 0101 1001 0110 1010 0101 0110 1001 
  169  -0.00000078      (5' 0' 5  2  ) : 0000 1111 1010 0101 1001 0110 0000 1111 1010 0101 0110 1001 
  170  -0.00000045      (5' 0' 5  2  ) : 1010 0101 1001 0110 1010 0101 0110 1001 
  208  -0.00000076      (2' 1' 4  3  ) : 0000 1111 1010 0101 1001 0110 0000 1111 1010 0101 0110 1001 
  209   0.00000044      (2' 1' 4  3  ) : 1010 0101 1001 0110 1010 0101 0110 1001 
  213   0.00002007      (2' 1' 5  4  ) : 0000 1111 1010 0101 1001 0110 0000 1111 1010 0101 0110 1001 
  214   0.00001159      (2' 1' 5  4  ) : 1010 0101 1001 0110 1010 0101 0110 1001 
  218  -0.00000240      (3' 1' 5  1  ) : 0000 1111 1010 0101 1001 0110 0000 1111 1010 0101 0110 1001 
  219  -0.00000138      (3' 1' 5  1  ) : 1010 0101 1001 0110 1010 0101 0110 1001 
  223   0.00000056      (3' 1' 4  2  ) : 0000 1111 1010 0101 1001 0110 0000 1111 1010 0101 0110 1001 
  224  -0.00000032      (3' 1' 4  2  ) : 1010 0101 1001 0110 1010 0101 0110 1001 
  257   0.00000010      (5' 1' 4  2  ) : 0000 1111 1010 0101 1001 0110 0000 1111 1010 0101 0110 1001 
  258  -0.00000006      (5' 1' 4  2  ) : 1010 0101 1001 0110 1010 0101 0110 1001 
  275   0.00000207      (2' 2' 5  3  ) : 1010 0110 1010 1001 
  281  -0.00000071      (3' 2' 5  2  ) : 0000 1111 1010 0101 1001 0110 0000 1111 1010 0101 0110 1001 
  282  -0.00000041      (3' 2' 5  2  ) : 1010 0101 1001 0110 1010 0101 0110 1001 
  313  -0.00000233      (3' 3' 5  3  ) : 1010 0110 1010 1001 
  316  -0.00258305      (3' 3' 5  5  ) : 1010 1010 
  320   0.00000052      (4' 3' 5  4  ) : 0000 1111 1010 0101 1001 0110 0000 1111 1010 0101 0110 1001 
  321  -0.00000030      (4' 3' 5  4  ) : 1010 0101 1001 0110 1010 0101 0110 1001 
  326  -0.00000005      (5' 3' 5  5  ) : 1010 1001 1010 0110 
 Norm of <[H,A]> =   0.09513592
 Max  of <[H,A]> =   0.07737744
 Add operator   93
 Iter:   0 Current Energy =  -2.9417756781521067 Gradient Norm    5.2e-02 Gradient Max    4.9e-02
 Iter:   1 Current Energy =  -2.9469288218558449 Gradient Norm    3.4e-02 Gradient Max    2.1e-02
 Iter:   2 Current Energy =  -2.9480651245423211 Gradient Norm    2.9e-02 Gradient Max    2.0e-02
 Iter:   3 Current Energy =  -2.9495718436707814 Gradient Norm    1.9e-02 Gradient Max    1.7e-02
 Iter:   4 Current Energy =  -2.9499866003654267 Gradient Norm    1.2e-02 Gradient Max    8.2e-03
 Iter:   5 Current Energy =  -2.9500918179995232 Gradient Norm    4.3e-03 Gradient Max    2.4e-03
 Iter:   6 Current Energy =  -2.9501051522459139 Gradient Norm    1.0e-03 Gradient Max    6.3e-04
 Iter:   7 Current Energy =  -2.9501059188900851 Gradient Norm    2.4e-04 Gradient Max    2.0e-04
 Iter:   8 Current Energy =  -2.9501059533231868 Gradient Norm    4.5e-05 Gradient Max    4.1e-05
 Iter:   9 Current Energy =  -2.9501059544522721 Gradient Norm    3.7e-06 Gradient Max    3.5e-06
 Iter:  10 Current Energy =  -2.9501059544610015 Gradient Norm    3.1e-07 Gradient Max    2.6e-07
 Iter:  11 Current Energy =  -2.9501059544610748 Gradient Norm    8.4e-09 Gradient Max    5.7e-09
 Iter:  12 Current Energy =  -2.9501059544610753 Gradient Norm    5.1e-10 Gradient Max    4.4e-10
 Finished:      -2.950105954461
 -----------New ansatz----------- 
    #        Coeff               Term
    0  -0.34365746      (2' 0' 5  3  ) : 0000 1111 1010 0101 1001 0110 0000 1111 1010 0101 0110 1001 
    1  -0.23606180      (0' 0' 5  5  ) : 1010 1010 
    2  -1.00805379      (2' 2' 3  3  ) : 1010 1010 
    3  -0.05294517      (0' 0' 3  3  ) : 1010 1010 
    4  -0.05340175      (2' 2' 5  5  ) : 1010 1010 
    5  -0.51384814      (1' 1' 4  4  ) : 1010 1010 
    6  -0.42819319      (2' 0' 5  3  ) : 1010 0101 1001 0110 1010 0101 0110 1001 




 --------------------------------------------------------------------------
                         ADAPT-VQE iteration:  7
 --------------------------------------------------------------------------
 Check each new operator for coupling
 Measure Operator Pool Gradients:
 Variance:      0.00321095
 Uncertainty:   0.05666528
    1   0.00000351            (2' 0  ) : 00 11 00 11 
   13   0.00000352            (5' 3  ) : 00 11 00 11 
   16  -0.00000313      (0' 0' 2  0  ) : 1010 0110 1010 1001 
   25  -0.00286156      (0' 0' 2  2  ) : 1010 1010 
   31  -0.00000036      (0' 0' 5  3  ) : 1010 0110 1010 1001 
   44   0.00000353      (1' 0' 2  1  ) : 0000 1111 1010 0101 1001 0110 0000 1111 1010 0101 0110 1001 
   45  -0.00000204      (1' 0' 2  1  ) : 1010 0101 1001 0110 1010 0101 0110 1001 
   60   0.00001633      (1' 0' 4  3  ) : 0000 1111 1010 0101 1001 0110 0000 1111 1010 0101 0110 1001 
   61   0.00000943      (1' 0' 4  3  ) : 1010 0101 1001 0110 1010 0101 0110 1001 
   65  -0.00000455      (1' 0' 5  4  ) : 0000 1111 1010 0101 1001 0110 0000 1111 1010 0101 0110 1001 
   66   0.00000263      (1' 0' 5  4  ) : 1010 0101 1001 0110 1010 0101 0110 1001 
   83  -0.00000038      (2' 0' 2  2  ) : 1010 1001 1010 0110 
   90  -0.00000224      (2' 0' 3  3  ) : 1010 1001 1010 0110 
   98   0.00000028      (2' 0' 5  5  ) : 1010 1001 1010 0110 
  101  -0.00000349      (3' 0' 5  0  ) : 0000 1111 1010 0101 1001 0110 0000 1111 1010 0101 0110 1001 
  102  -0.00000176      (3' 0' 5  0  ) : 1010 0101 1001 0110 1010 0101 0110 1001 
  113  -0.00000344      (3' 0' 3  2  ) : 0000 1111 1010 0101 1001 0110 0000 1111 1010 0101 0110 1001 
  114  -0.00000173      (3' 0' 3  2  ) : 1010 0101 1001 0110 1010 0101 0110 1001 
  117   0.01542691      (3' 0' 5  2  ) : 0000 1111 1010 0101 1001 0110 0000 1111 1010 0101 0110 1001 
  118   0.02214210      (3' 0' 5  2  ) : 1010 0101 1001 0110 1010 0101 0110 1001 
  133  -0.00000093      (4' 0' 3  1  ) : 0000 1111 1010 0101 1001 0110 0000 1111 1010 0101 0110 1001 
  134   0.00000054      (4' 0' 3  1  ) : 1010 0101 1001 0110 1010 0101 0110 1001 
  137   0.00000096      (4' 0' 5  1  ) : 0000 1111 1010 0101 1001 0110 0000 1111 1010 0101 0110 1001 
  138  -0.00000055      (4' 0' 5  1  ) : 1010 0101 1001 0110 1010 0101 0110 1001 
  142  -0.00000076      (4' 0' 4  2  ) : 0000 1111 1010 0101 1001 0110 0000 1111 1010 0101 0110 1001 
  143  -0.00000044      (4' 0' 4  2  ) : 1010 0101 1001 0110 1010 0101 0110 1001 
  165   0.00001672      (5' 0' 3  2  ) : 0000 1111 1010 0101 1001 0110 0000 1111 1010 0101 0110 1001 
  166   0.00000142      (5' 0' 3  2  ) : 1010 0101 1001 0110 1010 0101 0110 1001 
  169  -0.00000086      (5' 0' 5  2  ) : 0000 1111 1010 0101 1001 0110 0000 1111 1010 0101 0110 1001 
  170  -0.00000075      (5' 0' 5  2  ) : 1010 0101 1001 0110 1010 0101 0110 1001 
  208  -0.00000026      (2' 1' 4  3  ) : 0000 1111 1010 0101 1001 0110 0000 1111 1010 0101 0110 1001 
  209   0.00000015      (2' 1' 4  3  ) : 1010 0101 1001 0110 1010 0101 0110 1001 
  213   0.00001562      (2' 1' 5  4  ) : 0000 1111 1010 0101 1001 0110 0000 1111 1010 0101 0110 1001 
  214   0.00000902      (2' 1' 5  4  ) : 1010 0101 1001 0110 1010 0101 0110 1001 
  218  -0.00000355      (3' 1' 5  1  ) : 0000 1111 1010 0101 1001 0110 0000 1111 1010 0101 0110 1001 
  219  -0.00000205      (3' 1' 5  1  ) : 1010 0101 1001 0110 1010 0101 0110 1001 
  223   0.00000020      (3' 1' 4  2  ) : 0000 1111 1010 0101 1001 0110 0000 1111 1010 0101 0110 1001 
  224  -0.00000012      (3' 1' 4  2  ) : 1010 0101 1001 0110 1010 0101 0110 1001 
  257   0.00000140      (5' 1' 4  2  ) : 0000 1111 1010 0101 1001 0110 0000 1111 1010 0101 0110 1001 
  258  -0.00000081      (5' 1' 4  2  ) : 1010 0101 1001 0110 1010 0101 0110 1001 
  275   0.00000233      (2' 2' 5  3  ) : 1010 0110 1010 1001 
  281  -0.00000081      (3' 2' 5  2  ) : 0000 1111 1010 0101 1001 0110 0000 1111 1010 0101 0110 1001 
  282  -0.00000073      (3' 2' 5  2  ) : 1010 0101 1001 0110 1010 0101 0110 1001 
  313  -0.00000318      (3' 3' 5  3  ) : 1010 0110 1010 1001 
  316  -0.00282539      (3' 3' 5  5  ) : 1010 1010 
  320   0.00000076      (4' 3' 5  4  ) : 0000 1111 1010 0101 1001 0110 0000 1111 1010 0101 0110 1001 
  321  -0.00000044      (4' 3' 5  4  ) : 1010 0101 1001 0110 1010 0101 0110 1001 
  326  -0.00000034      (5' 3' 5  5  ) : 1010 1001 1010 0110 
 Norm of <[H,A]> =   0.02728433
 Max  of <[H,A]> =   0.02214210
 Add operator  118
 Iter:   0 Current Energy =  -2.9505018257349676 Gradient Norm    1.6e-02 Gradient Max    1.4e-02
 Iter:   1 Current Energy =  -2.9511104276939726 Gradient Norm    1.7e-02 Gradient Max    1.1e-02
 Iter:   2 Current Energy =  -2.9518472031008454 Gradient Norm    2.4e-02 Gradient Max    1.5e-02
 Iter:   3 Current Energy =  -2.9525179383020803 Gradient Norm    2.3e-02 Gradient Max    1.4e-02
 Iter:   4 Current Energy =  -2.9530790998488747 Gradient Norm    1.4e-02 Gradient Max    8.5e-03
 Iter:   5 Current Energy =  -2.9532603489366616 Gradient Norm    3.5e-03 Gradient Max    2.4e-03
 Iter:   6 Current Energy =  -2.9532733977278238 Gradient Norm    1.3e-03 Gradient Max    1.0e-03
 Iter:   7 Current Energy =  -2.9532741795866344 Gradient Norm    5.2e-04 Gradient Max    3.7e-04
 Iter:   8 Current Energy =  -2.9532742962831833 Gradient Norm    1.4e-04 Gradient Max    9.0e-05
 Iter:   9 Current Energy =  -2.9532743240376713 Gradient Norm    8.9e-05 Gradient Max    4.7e-05
 Iter:  10 Current Energy =  -2.9532743362357281 Gradient Norm    9.2e-05 Gradient Max    5.6e-05
 Iter:  11 Current Energy =  -2.9532743518916731 Gradient Norm    7.6e-05 Gradient Max    5.2e-05
 Iter:  12 Current Energy =  -2.9532743623671305 Gradient Norm    4.0e-05 Gradient Max    2.6e-05
 Iter:  13 Current Energy =  -2.9532743656980998 Gradient Norm    1.0e-05 Gradient Max    6.4e-06
 Iter:  14 Current Energy =  -2.9532743660068124 Gradient Norm    1.6e-06 Gradient Max    1.3e-06
 Iter:  15 Current Energy =  -2.9532743660157488 Gradient Norm    2.0e-07 Gradient Max    1.4e-07
 Iter:  16 Current Energy =  -2.9532743660158176 Gradient Norm    1.7e-08 Gradient Max    1.3e-08
 Iter:  17 Current Energy =  -2.9532743660158194 Gradient Norm    1.7e-09 Gradient Max    1.1e-09
 Iter:  18 Current Energy =  -2.9532743660158207 Gradient Norm    1.6e-10 Gradient Max    9.1e-11
 Finished:      -2.953274366016
 -----------New ansatz----------- 
    #        Coeff               Term
    0  -0.29995630      (3' 0' 5  2  ) : 1010 0101 1001 0110 1010 0101 0110 1001 
    1  -0.16371214      (2' 0' 5  3  ) : 0000 1111 1010 0101 1001 0110 0000 1111 1010 0101 0110 1001 
    2  -0.20118878      (0' 0' 5  5  ) : 1010 1010 
    3  -1.16407243      (2' 2' 3  3  ) : 1010 1010 
    4   0.00000009      (0' 0' 3  3  ) : 1010 1010 
    5   0.00000009      (2' 2' 5  5  ) : 1010 1010 
    6  -0.51384813      (1' 1' 4  4  ) : 1010 1010 
    7  -0.33324872      (2' 0' 5  3  ) : 1010 0101 1001 0110 1010 0101 0110 1001 




 --------------------------------------------------------------------------
                         ADAPT-VQE iteration:  8
 --------------------------------------------------------------------------
 Check each new operator for coupling
 Measure Operator Pool Gradients:
 Variance:      0.00000000
 Uncertainty:   0.00002990
    1   0.00000404            (2' 0  ) : 00 11 00 11 
   13   0.00000407            (5' 3  ) : 00 11 00 11 
   16  -0.00000346      (0' 0' 2  0  ) : 1010 0110 1010 1001 
   31  -0.00000046      (0' 0' 5  3  ) : 1010 0110 1010 1001 
   44   0.00000407      (1' 0' 2  1  ) : 0000 1111 1010 0101 1001 0110 0000 1111 1010 0101 0110 1001 
   45  -0.00000235      (1' 0' 2  1  ) : 1010 0101 1001 0110 1010 0101 0110 1001 
   60   0.00001447      (1' 0' 4  3  ) : 0000 1111 1010 0101 1001 0110 0000 1111 1010 0101 0110 1001 
   61   0.00000836      (1' 0' 4  3  ) : 1010 0101 1001 0110 1010 0101 0110 1001 
   65  -0.00000451      (1' 0' 5  4  ) : 0000 1111 1010 0101 1001 0110 0000 1111 1010 0101 0110 1001 
   66   0.00000260      (1' 0' 5  4  ) : 1010 0101 1001 0110 1010 0101 0110 1001 
   83  -0.00000057      (2' 0' 2  2  ) : 1010 1001 1010 0110 
   90  -0.00000220      (2' 0' 3  3  ) : 1010 1001 1010 0110 
   98   0.00000038      (2' 0' 5  5  ) : 1010 1001 1010 0110 
  101  -0.00000404      (3' 0' 5  0  ) : 0000 1111 1010 0101 1001 0110 0000 1111 1010 0101 0110 1001 
  102  -0.00000201      (3' 0' 5  0  ) : 1010 0101 1001 0110 1010 0101 0110 1001 
  113  -0.00000396      (3' 0' 3  2  ) : 0000 1111 1010 0101 1001 0110 0000 1111 1010 0101 0110 1001 
  114  -0.00000196      (3' 0' 3  2  ) : 1010 0101 1001 0110 1010 0101 0110 1001 
  133  -0.00000083      (4' 0' 3  1  ) : 0000 1111 1010 0101 1001 0110 0000 1111 1010 0101 0110 1001 
  134   0.00000048      (4' 0' 3  1  ) : 1010 0101 1001 0110 1010 0101 0110 1001 
  137   0.00000093      (4' 0' 5  1  ) : 0000 1111 1010 0101 1001 0110 0000 1111 1010 0101 0110 1001 
  138  -0.00000054      (4' 0' 5  1  ) : 1010 0101 1001 0110 1010 0101 0110 1001 
  142  -0.00000087      (4' 0' 4  2  ) : 0000 1111 1010 0101 1001 0110 0000 1111 1010 0101 0110 1001 
  143  -0.00000050      (4' 0' 4  2  ) : 1010 0101 1001 0110 1010 0101 0110 1001 
  169  -0.00000098      (5' 0' 5  2  ) : 0000 1111 1010 0101 1001 0110 0000 1111 1010 0101 0110 1001 
  170  -0.00000089      (5' 0' 5  2  ) : 1010 0101 1001 0110 1010 0101 0110 1001 
  213   0.00001376      (2' 1' 5  4  ) : 0000 1111 1010 0101 1001 0110 0000 1111 1010 0101 0110 1001 
  214   0.00000794      (2' 1' 5  4  ) : 1010 0101 1001 0110 1010 0101 0110 1001 
  218  -0.00000411      (3' 1' 5  1  ) : 0000 1111 1010 0101 1001 0110 0000 1111 1010 0101 0110 1001 
  219  -0.00000237      (3' 1' 5  1  ) : 1010 0101 1001 0110 1010 0101 0110 1001 
  257   0.00000133      (5' 1' 4  2  ) : 0000 1111 1010 0101 1001 0110 0000 1111 1010 0101 0110 1001 
  258  -0.00000077      (5' 1' 4  2  ) : 1010 0101 1001 0110 1010 0101 0110 1001 
  275   0.00000229      (2' 2' 5  3  ) : 1010 0110 1010 1001 
  281  -0.00000095      (3' 2' 5  2  ) : 0000 1111 1010 0101 1001 0110 0000 1111 1010 0101 0110 1001 
  282  -0.00000087      (3' 2' 5  2  ) : 1010 0101 1001 0110 1010 0101 0110 1001 
  313  -0.00000353      (3' 3' 5  3  ) : 1010 0110 1010 1001 
  320   0.00000087      (4' 3' 5  4  ) : 0000 1111 1010 0101 1001 0110 0000 1111 1010 0101 0110 1001 
  321  -0.00000050      (4' 3' 5  4  ) : 1010 0101 1001 0110 1010 0101 0110 1001 
  326  -0.00000055      (5' 3' 5  5  ) : 1010 1001 1010 0110 
 Norm of <[H,A]> =   0.00002686
 Max  of <[H,A]> =   0.00001447
 Ansatz Growth Converged!
 Number of operators in ansatz:  8
 *Finished:      -2.953274366016
 -----------Final ansatz----------- 
    #        Coeff               Term
    0  -0.29995630      (3' 0' 5  2  ) : 1010 0101 1001 0110 1010 0101 0110 1001 
    1  -0.16371214      (2' 0' 5  3  ) : 0000 1111 1010 0101 1001 0110 0000 1111 1010 0101 0110 1001 
    2  -0.20118878      (0' 0' 5  5  ) : 1010 1010 
    3  -1.16407243      (2' 2' 3  3  ) : 1010 1010 
    4   0.00000009      (0' 0' 3  3  ) : 1010 1010 
    5   0.00000009      (2' 2' 5  5  ) : 1010 1010 
    6  -0.51384813      (1' 1' 4  4  ) : 1010 1010 
    7  -0.33324872      (2' 0' 5  3  ) : 1010 0101 1001 0110 1010 0101 0110 1001 
 Final ADAPT-VQE energy:  -2.95327437
 <S^2> of final state  :  -0.00000000
final excitation energies [0.04070882 0.10756457 0.13937751 0.1482734  0.1482734  0.1482734
 0.15138417 0.20963759 0.25288678 0.31720214 0.31720214 0.31720214
 0.32115818 0.42872276 0.52333433 0.53095543 0.54055167 0.54094194
 0.56663644 0.5977317  0.60446989 0.60734528 0.64811621 0.64811621
 0.64811621 0.64850649 0.65259149 0.65259149 0.6547499  0.68163067
 0.68163067 0.685154   0.685154   0.69095685 0.70191545 0.70529627
 0.70529627 0.70529627 0.72179508 0.7220825  0.7220825  0.73566508
 0.73662657 0.74751432 0.74751432 0.77030573 0.77030573 0.77627406
 0.80947999 0.82249751 0.82249751 0.82751841 0.82751841 0.83361963
 0.8367856  0.84322965 0.84955937 0.86136144 0.86136144 0.86997242
 0.86997242 0.88779464 0.92256065 0.9552012  0.9552012  0.96491709
 0.96491709 0.98790935 0.98790935 1.00705608 1.00705608 1.03594091
 1.03594091 1.04290862 1.04841377 1.07686947 1.07686947 1.09606807
 1.09606807 1.1041961  1.1041961  1.10481646 1.10481646 1.1071881
 1.10757837 1.16436815 1.16900691 1.16900691 1.26429593 1.26429593
 1.26855183 1.30230153 1.31030861 1.31030861 1.32727165 1.43021319
 1.43021319 1.4588606  1.4588606  1.49047784 1.5094007  1.5094007
 1.51093165 1.54323836 1.54323836 1.57384385 1.57384385 1.60827388
 1.60827388 2.08801804 2.13807444 2.20382524 2.24854878 2.40151757
 2.47867185 2.50838069 2.57895704]
SCEOM State    0:  -2.91256554 au Gap:  0.04070882 <S2>:   2.00000000
SCEOM State    1:  -2.84570979 au Gap:  0.10756457 <S2>:   2.00000000
SCEOM State    2:  -2.81389685 au Gap:  0.13937751 <S2>:  -0.00000000
SCEOM State    3:  -2.80500097 au Gap:  0.14827340 <S2>:   3.99980520
SCEOM State    4:  -2.80500097 au Gap:  0.14827340 <S2>:   2.01662114
SCEOM State    5:  -2.80500097 au Gap:  0.14827340 <S2>:   2.00221375
SCEOM State    6:  -2.80189019 au Gap:  0.15138417 <S2>:   2.00000000
SCEOM State    7:  -2.74363677 au Gap:  0.20963759 <S2>:   2.00000000
SCEOM State    8:  -2.70038758 au Gap:  0.25288678 <S2>:   6.00000000
SCEOM State    9:  -2.63607223 au Gap:  0.31720214 <S2>:   2.05146321
SCEOM State   10:  -2.63607223 au Gap:  0.31720214 <S2>:   1.99203803
SCEOM State   11:  -2.63607223 au Gap:  0.31720214 <S2>:   3.92623377
SCEOM State   12:  -2.63211618 au Gap:  0.32115818 <S2>:   0.00000000
SCEOM State   13:  -2.52455161 au Gap:  0.42872276 <S2>:   2.00000000
SCEOM State   14:  -2.42994003 au Gap:  0.52333433 <S2>:   2.00000000
SCEOM State   15:  -2.42231893 au Gap:  0.53095543 <S2>:  -0.00000000
SCEOM State   16:  -2.41272270 au Gap:  0.54055167 <S2>:   2.00000000
SCEOM State   17:  -2.41233242 au Gap:  0.54094194 <S2>:   0.00000000
SCEOM State   18:  -2.38663793 au Gap:  0.56663644 <S2>:   0.00000000
SCEOM State   19:  -2.35554267 au Gap:  0.59773170 <S2>:   2.00000000
SCEOM State   20:  -2.34880448 au Gap:  0.60446989 <S2>:   0.00000000
SCEOM State   21:  -2.34592909 au Gap:  0.60734528 <S2>:   2.00000000
SCEOM State   22:  -2.30515815 au Gap:  0.64811621 <S2>:   1.87643395
SCEOM State   23:  -2.30515815 au Gap:  0.64811621 <S2>:   1.92731874
SCEOM State   24:  -2.30515815 au Gap:  0.64811621 <S2>:   4.00429805
SCEOM State   25:  -2.30476788 au Gap:  0.64850649 <S2>:   2.00000000
SCEOM State   26:  -2.30068288 au Gap:  0.65259149 <S2>:   1.34600864
SCEOM State   27:  -2.30068288 au Gap:  0.65259149 <S2>:   0.64709109
SCEOM State   28:  -2.29852447 au Gap:  0.65474990 <S2>:  -0.00000000
SCEOM State   29:  -2.27164370 au Gap:  0.68163067 <S2>:   1.00256084
SCEOM State   30:  -2.27164370 au Gap:  0.68163067 <S2>:   0.99896953
SCEOM State   31:  -2.26812036 au Gap:  0.68515400 <S2>:   1.69612560
SCEOM State   32:  -2.26812036 au Gap:  0.68515400 <S2>:   0.28802480
SCEOM State   33:  -2.26231752 au Gap:  0.69095685 <S2>:  -0.00000000
SCEOM State   34:  -2.25135892 au Gap:  0.70191545 <S2>:   0.00000000
SCEOM State   35:  -2.24797810 au Gap:  0.70529627 <S2>:   2.10422253
SCEOM State   36:  -2.24797810 au Gap:  0.70529627 <S2>:   4.07618594
SCEOM State   37:  -2.24797810 au Gap:  0.70529627 <S2>:   1.88997993
SCEOM State   38:  -2.23147929 au Gap:  0.72179508 <S2>:   2.00000000
SCEOM State   39:  -2.23119187 au Gap:  0.72208250 <S2>:   1.47713854
SCEOM State   40:  -2.23119187 au Gap:  0.72208250 <S2>:   0.56691755
SCEOM State   41:  -2.21760929 au Gap:  0.73566508 <S2>:   0.00000000
SCEOM State   42:  -2.21664779 au Gap:  0.73662657 <S2>:   2.00000000
SCEOM State   43:  -2.20576004 au Gap:  0.74751432 <S2>:   5.99568726
SCEOM State   44:  -2.20576004 au Gap:  0.74751432 <S2>:   2.00092782
SCEOM State   45:  -2.18296864 au Gap:  0.77030573 <S2>:   4.11511423
SCEOM State   46:  -2.18296864 au Gap:  0.77030573 <S2>:   3.97282593
SCEOM State   47:  -2.17700031 au Gap:  0.77627406 <S2>:   2.00000000
SCEOM State   48:  -2.14379438 au Gap:  0.80947999 <S2>:   2.00000000
SCEOM State   49:  -2.13077686 au Gap:  0.82249751 <S2>:   1.00128098
SCEOM State   50:  -2.13077686 au Gap:  0.82249751 <S2>:   0.82810814
SCEOM State   51:  -2.12575595 au Gap:  0.82751841 <S2>:   0.56315403
SCEOM State   52:  -2.12575595 au Gap:  0.82751841 <S2>:   1.91261174
SCEOM State   53:  -2.11965473 au Gap:  0.83361963 <S2>:   0.00000000
SCEOM State   54:  -2.11648876 au Gap:  0.83678560 <S2>:   2.00000000
SCEOM State   55:  -2.11004471 au Gap:  0.84322965 <S2>:   2.00000000
SCEOM State   56:  -2.10371500 au Gap:  0.84955937 <S2>:   2.00000000
SCEOM State   57:  -2.09191293 au Gap:  0.86136144 <S2>:   1.06046711
SCEOM State   58:  -2.09191293 au Gap:  0.86136144 <S2>:   0.75888841
SCEOM State   59:  -2.08330195 au Gap:  0.86997242 <S2>:   0.63366838
SCEOM State   60:  -2.08330195 au Gap:  0.86997242 <S2>:   1.41270865
SCEOM State   61:  -2.06547973 au Gap:  0.88779464 <S2>:  -0.00000000
SCEOM State   62:  -2.03071371 au Gap:  0.92256065 <S2>:   0.00000000
SCEOM State   63:  -1.99807317 au Gap:  0.95520120 <S2>:   0.95739498
SCEOM State   64:  -1.99807317 au Gap:  0.95520120 <S2>:   1.11312886
SCEOM State   65:  -1.98835728 au Gap:  0.96491709 <S2>:   0.62950584
SCEOM State   66:  -1.98835728 au Gap:  0.96491709 <S2>:   0.43145618
SCEOM State   67:  -1.96536502 au Gap:  0.98790935 <S2>:   4.11098570
SCEOM State   68:  -1.96536502 au Gap:  0.98790935 <S2>:   4.26868853
SCEOM State   69:  -1.94621829 au Gap:  1.00705608 <S2>:   1.02808038
SCEOM State   70:  -1.94621829 au Gap:  1.00705608 <S2>:   0.93775682
SCEOM State   71:  -1.91733346 au Gap:  1.03594091 <S2>:   3.25537097
SCEOM State   72:  -1.91733346 au Gap:  1.03594091 <S2>:   4.79795302
SCEOM State   73:  -1.91036575 au Gap:  1.04290862 <S2>:   2.00000000
SCEOM State   74:  -1.90486060 au Gap:  1.04841377 <S2>:  -0.00000000
SCEOM State   75:  -1.87640489 au Gap:  1.07686947 <S2>:   0.96095330
SCEOM State   76:  -1.87640489 au Gap:  1.07686947 <S2>:   1.01592454
SCEOM State   77:  -1.85720630 au Gap:  1.09606807 <S2>:   0.15862552
SCEOM State   78:  -1.85720630 au Gap:  1.09606807 <S2>:   1.76427179
SCEOM State   79:  -1.84907826 au Gap:  1.10419610 <S2>:   1.01003159
SCEOM State   80:  -1.84907826 au Gap:  1.10419610 <S2>:   1.02503887
SCEOM State   81:  -1.84845791 au Gap:  1.10481646 <S2>:   0.01440574
SCEOM State   82:  -1.84845791 au Gap:  1.10481646 <S2>:   1.89927010
SCEOM State   83:  -1.84608627 au Gap:  1.10718810 <S2>:   2.00000000
SCEOM State   84:  -1.84569600 au Gap:  1.10757837 <S2>:  -0.00000000
SCEOM State   85:  -1.78890621 au Gap:  1.16436815 <S2>:   2.00000000
SCEOM State   86:  -1.78426746 au Gap:  1.16900691 <S2>:   0.83121051
SCEOM State   87:  -1.78426746 au Gap:  1.16900691 <S2>:   1.24256542
SCEOM State   88:  -1.68897843 au Gap:  1.26429593 <S2>:   0.53169346
SCEOM State   89:  -1.68897843 au Gap:  1.26429593 <S2>:   1.55401961
SCEOM State   90:  -1.68472254 au Gap:  1.26855183 <S2>:  -0.00000000
SCEOM State   91:  -1.65097284 au Gap:  1.30230153 <S2>:  -0.00000000
SCEOM State   92:  -1.64296576 au Gap:  1.31030861 <S2>:   1.75573001
SCEOM State   93:  -1.64296576 au Gap:  1.31030861 <S2>:   0.24455463
SCEOM State   94:  -1.62600272 au Gap:  1.32727165 <S2>:   0.00000000
SCEOM State   95:  -1.52306118 au Gap:  1.43021319 <S2>:   1.99942654
SCEOM State   96:  -1.52306118 au Gap:  1.43021319 <S2>:   0.00304274
SCEOM State   97:  -1.49441377 au Gap:  1.45886060 <S2>:   0.83575917
SCEOM State   98:  -1.49441377 au Gap:  1.45886060 <S2>:   1.52616647
SCEOM State   99:  -1.46279652 au Gap:  1.49047784 <S2>:  -0.00000000
SCEOM State  100:  -1.44387367 au Gap:  1.50940070 <S2>:   0.63876486
SCEOM State  101:  -1.44387367 au Gap:  1.50940070 <S2>:   1.30526775
SCEOM State  102:  -1.44234271 au Gap:  1.51093165 <S2>:  -0.00000000
SCEOM State  103:  -1.41003601 au Gap:  1.54323836 <S2>:   1.99750495
SCEOM State  104:  -1.41003601 au Gap:  1.54323836 <S2>:   0.00059523
SCEOM State  105:  -1.37943051 au Gap:  1.57384385 <S2>:   0.85767691
SCEOM State  106:  -1.37943051 au Gap:  1.57384385 <S2>:   1.18257392
SCEOM State  107:  -1.34500049 au Gap:  1.60827388 <S2>:   1.12928452
SCEOM State  108:  -1.34500049 au Gap:  1.60827388 <S2>:   0.96312608
SCEOM State  109:  -0.86525633 au Gap:  2.08801804 <S2>:   0.00000000
SCEOM State  110:  -0.81519992 au Gap:  2.13807444 <S2>:   0.00000000
SCEOM State  111:  -0.74944913 au Gap:  2.20382524 <S2>:   2.00000000
SCEOM State  112:  -0.70472559 au Gap:  2.24854878 <S2>:   2.00000000
SCEOM State  113:  -0.55175680 au Gap:  2.40151757 <S2>:   0.00000000
SCEOM State  114:  -0.47460252 au Gap:  2.47867185 <S2>:   0.00000000
SCEOM State  115:  -0.44489367 au Gap:  2.50838069 <S2>:   0.00000000
SCEOM State  116:  -0.37431732 au Gap:  2.57895704 <S2>:   0.00000000
final excitation energies [0.06155096 0.10756457 0.13303021 0.15138417 0.16911554 0.16911554
 0.16911554 0.18736037 0.25288678 0.29492492 0.29492492 0.29492492
 0.33230518 0.43986975 0.47533789 0.52333434 0.53095543 0.55426026
 0.56663644 0.58827862 0.60222185 0.62818741 0.6547499  0.65586841
 0.66182481 0.66182481 0.66182481 0.67224776 0.67755973 0.67755973
 0.68253366 0.68253366 0.69584317 0.70978642 0.70978642 0.70978642
 0.71079458 0.71079458 0.72179507 0.7239972  0.7239972  0.73428194
 0.73662655 0.74751432 0.74751432 0.75399688 0.76343295 0.77030573
 0.77030573 0.82256528 0.82256528 0.83310093 0.8367856  0.83855173
 0.83855173 0.84184651 0.84955937 0.8614972  0.8614972  0.88271124
 0.88271124 0.89894163 0.91696341 0.95610422 0.95610422 0.9668318
 0.9668318  0.98790935 0.98790935 1.03384346 1.03384346 1.03594091
 1.03594091 1.04290862 1.04841377 1.09318908 1.09318908 1.09613597
 1.09613597 1.10256458 1.10256458 1.10433187 1.10433187 1.12089669
 1.15491505 1.15909805 1.15909805 1.1688583  1.22250482 1.25110322
 1.25110322 1.28126864 1.29533117 1.29533117 1.30091839 1.4168087
 1.4168087  1.44425056 1.44425056 1.49047784 1.5109896  1.51315731
 1.51315731 1.54541006 1.54541006 1.57733909 1.57733909 1.61075343
 1.61075343 2.0946307  2.1451659  2.204903   2.25044291 2.39112848
 2.46595039 2.50803342 2.57857428]
QSE   State    0:  -2.89172341 au Gap:  0.06155096
QSE   State    1:  -2.84570979 au Gap:  0.10756457
QSE   State    2:  -2.82024416 au Gap:  0.13303021
QSE   State    3:  -2.80189019 au Gap:  0.15138417
QSE   State    4:  -2.78415883 au Gap:  0.16911554
QSE   State    5:  -2.78415883 au Gap:  0.16911554
QSE   State    6:  -2.78415883 au Gap:  0.16911554
QSE   State    7:  -2.76591399 au Gap:  0.18736037
QSE   State    8:  -2.70038758 au Gap:  0.25288678
QSE   State    9:  -2.65834945 au Gap:  0.29492492
QSE   State   10:  -2.65834945 au Gap:  0.29492492
QSE   State   11:  -2.65834945 au Gap:  0.29492492
QSE   State   12:  -2.62096919 au Gap:  0.33230518
QSE   State   13:  -2.51340461 au Gap:  0.43986975
QSE   State   14:  -2.47793647 au Gap:  0.47533789
QSE   State   15:  -2.42994003 au Gap:  0.52333434
QSE   State   16:  -2.42231893 au Gap:  0.53095543
QSE   State   17:  -2.39901411 au Gap:  0.55426026
QSE   State   18:  -2.38663793 au Gap:  0.56663644
QSE   State   19:  -2.36499575 au Gap:  0.58827862
QSE   State   20:  -2.35105251 au Gap:  0.60222185
QSE   State   21:  -2.32508695 au Gap:  0.62818741
QSE   State   22:  -2.29852447 au Gap:  0.65474990
QSE   State   23:  -2.29740596 au Gap:  0.65586841
QSE   State   24:  -2.29144956 au Gap:  0.66182481
QSE   State   25:  -2.29144956 au Gap:  0.66182481
QSE   State   26:  -2.29144956 au Gap:  0.66182481
QSE   State   27:  -2.28102660 au Gap:  0.67224776
QSE   State   28:  -2.27571463 au Gap:  0.67755973
QSE   State   29:  -2.27571463 au Gap:  0.67755973
QSE   State   30:  -2.27074070 au Gap:  0.68253366
QSE   State   31:  -2.27074070 au Gap:  0.68253366
QSE   State   32:  -2.25743119 au Gap:  0.69584317
QSE   State   33:  -2.24348795 au Gap:  0.70978642
QSE   State   34:  -2.24348795 au Gap:  0.70978642
QSE   State   35:  -2.24348795 au Gap:  0.70978642
QSE   State   36:  -2.24247979 au Gap:  0.71079458
QSE   State   37:  -2.24247979 au Gap:  0.71079458
QSE   State   38:  -2.23147930 au Gap:  0.72179507
QSE   State   39:  -2.22927717 au Gap:  0.72399720
QSE   State   40:  -2.22927717 au Gap:  0.72399720
QSE   State   41:  -2.21899242 au Gap:  0.73428194
QSE   State   42:  -2.21664782 au Gap:  0.73662655
QSE   State   43:  -2.20576004 au Gap:  0.74751432
QSE   State   44:  -2.20576004 au Gap:  0.74751432
QSE   State   45:  -2.19927749 au Gap:  0.75399688
QSE   State   46:  -2.18984141 au Gap:  0.76343295
QSE   State   47:  -2.18296864 au Gap:  0.77030573
QSE   State   48:  -2.18296864 au Gap:  0.77030573
QSE   State   49:  -2.13070909 au Gap:  0.82256528
QSE   State   50:  -2.13070909 au Gap:  0.82256528
QSE   State   51:  -2.12017344 au Gap:  0.83310093
QSE   State   52:  -2.11648876 au Gap:  0.83678560
QSE   State   53:  -2.11472264 au Gap:  0.83855173
QSE   State   54:  -2.11472264 au Gap:  0.83855173
QSE   State   55:  -2.11142786 au Gap:  0.84184651
QSE   State   56:  -2.10371500 au Gap:  0.84955937
QSE   State   57:  -2.09177717 au Gap:  0.86149720
QSE   State   58:  -2.09177717 au Gap:  0.86149720
QSE   State   59:  -2.07056313 au Gap:  0.88271124
QSE   State   60:  -2.07056313 au Gap:  0.88271124
QSE   State   61:  -2.05433274 au Gap:  0.89894163
QSE   State   62:  -2.03631096 au Gap:  0.91696341
QSE   State   63:  -1.99717014 au Gap:  0.95610422
QSE   State   64:  -1.99717014 au Gap:  0.95610422
QSE   State   65:  -1.98644257 au Gap:  0.96683180
QSE   State   66:  -1.98644257 au Gap:  0.96683180
QSE   State   67:  -1.96536502 au Gap:  0.98790935
QSE   State   68:  -1.96536502 au Gap:  0.98790935
QSE   State   69:  -1.91943091 au Gap:  1.03384346
QSE   State   70:  -1.91943091 au Gap:  1.03384346
QSE   State   71:  -1.91733346 au Gap:  1.03594091
QSE   State   72:  -1.91733346 au Gap:  1.03594091
QSE   State   73:  -1.91036575 au Gap:  1.04290862
QSE   State   74:  -1.90486060 au Gap:  1.04841377
QSE   State   75:  -1.86008529 au Gap:  1.09318908
QSE   State   76:  -1.86008529 au Gap:  1.09318908
QSE   State   77:  -1.85713839 au Gap:  1.09613597
QSE   State   78:  -1.85713839 au Gap:  1.09613597
QSE   State   79:  -1.85070979 au Gap:  1.10256458
QSE   State   80:  -1.85070979 au Gap:  1.10256458
QSE   State   81:  -1.84894250 au Gap:  1.10433187
QSE   State   82:  -1.84894250 au Gap:  1.10433187
QSE   State   83:  -1.83237768 au Gap:  1.12089669
QSE   State   84:  -1.79835932 au Gap:  1.15491505
QSE   State   85:  -1.79417631 au Gap:  1.15909805
QSE   State   86:  -1.79417631 au Gap:  1.15909805
QSE   State   87:  -1.78441607 au Gap:  1.16885830
QSE   State   88:  -1.73076955 au Gap:  1.22250482
QSE   State   89:  -1.70217115 au Gap:  1.25110322
QSE   State   90:  -1.70217115 au Gap:  1.25110322
QSE   State   91:  -1.67200572 au Gap:  1.28126864
QSE   State   92:  -1.65794320 au Gap:  1.29533117
QSE   State   93:  -1.65794320 au Gap:  1.29533117
QSE   State   94:  -1.65235598 au Gap:  1.30091839
QSE   State   95:  -1.53646566 au Gap:  1.41680870
QSE   State   96:  -1.53646566 au Gap:  1.41680870
QSE   State   97:  -1.50902381 au Gap:  1.44425056
QSE   State   98:  -1.50902381 au Gap:  1.44425056
QSE   State   99:  -1.46279652 au Gap:  1.49047784
QSE   State  100:  -1.44228476 au Gap:  1.51098960
QSE   State  101:  -1.44011705 au Gap:  1.51315731
QSE   State  102:  -1.44011705 au Gap:  1.51315731
QSE   State  103:  -1.40786431 au Gap:  1.54541006
QSE   State  104:  -1.40786431 au Gap:  1.54541006
QSE   State  105:  -1.37593528 au Gap:  1.57733909
QSE   State  106:  -1.37593528 au Gap:  1.57733909
QSE   State  107:  -1.34252094 au Gap:  1.61075343
QSE   State  108:  -1.34252094 au Gap:  1.61075343
QSE   State  109:  -0.85864367 au Gap:  2.09463070
QSE   State  110:  -0.80810846 au Gap:  2.14516590
QSE   State  111:  -0.74837136 au Gap:  2.20490300
QSE   State  112:  -0.70283146 au Gap:  2.25044291
QSE   State  113:  -0.56214589 au Gap:  2.39112848
QSE   State  114:  -0.48732398 au Gap:  2.46595039
QSE   State  115:  -0.44524094 au Gap:  2.50803342
QSE   State  116:  -0.37470009 au Gap:  2.57857428
final excitation energies [-2.52875083e+05 -2.57857445e+00 -2.50803352e+00 -2.46608773e+00
 -2.39127646e+00 -2.26928975e+00 -2.22397885e+00 -2.14516593e+00
 -2.09463074e+00 -1.67618548e+00 -1.63395111e+00 -1.62633160e+00
 -1.62633160e+00 -1.59554665e+00 -1.59554665e+00 -1.56027967e+00
 -1.56027967e+00 -1.53078278e+00 -1.53078278e+00 -1.49047784e+00
 -1.45717396e+00 -1.45717396e+00 -1.43025146e+00 -1.43025146e+00
 -1.39751618e+00 -1.31249803e+00 -1.31249803e+00 -1.30091839e+00
 -1.26814014e+00 -1.26814014e+00 -1.22251977e+00 -1.18000802e+00
 -1.17085934e+00 -1.17085934e+00 -1.15518707e+00 -1.13023784e+00
 -1.12159583e+00 -1.12159583e+00 -1.10605449e+00 -1.10605449e+00
 -1.10411136e+00 -1.10411136e+00 -1.09786924e+00 -1.09786924e+00
 -1.06971809e+00 -1.05277907e+00 -1.05277907e+00 -1.04841377e+00
 -1.04779798e+00 -1.04779798e+00 -1.04290861e+00 -1.00796341e+00
 -1.00796341e+00 -9.99608104e-01 -9.99608104e-01 -9.82471057e-01
 -9.82471057e-01 -9.71597383e-01 -9.71597383e-01 -9.61313583e-01
 -9.61313583e-01 -9.19990654e-01 -8.98941636e-01 -8.95339495e-01
 -8.95339495e-01 -8.91632886e-01 -8.91632886e-01 -8.52695608e-01
 -8.52695608e-01 -8.51102609e-01 -8.51102609e-01 -8.49559367e-01
 -8.41846510e-01 -8.36785603e-01 -8.31674621e-01 -7.82033458e-01
 -7.82033458e-01 -7.63760674e-01 -7.63760674e-01 -7.63432013e-01
 -7.63266286e-01 -7.59370845e-01 -7.59370845e-01 -7.36626554e-01
 -7.34281941e-01 -7.30408525e-01 -7.30408525e-01 -7.21795068e-01
 -7.16602001e-01 -7.16602001e-01 -7.16602001e-01 -6.96098803e-01
 -6.91778404e-01 -6.90956844e-01 -6.67548130e-01 -6.67548130e-01
 -6.67548130e-01 -6.54867478e-01 -6.54749898e-01 -5.91652774e-01
 -5.66636435e-01 -5.30955434e-01 -5.23334338e-01 -4.52800796e-01
 -4.39869756e-01 -3.00260983e-01 -3.00260983e-01 -3.00260983e-01
 -2.65889037e-01 -2.52886781e-01 -2.17554102e-01 -2.04136968e-01
 -2.04136968e-01 -2.04136968e-01 -1.51384175e-01 -1.07564574e-01
 -9.93146923e-08 -9.93146923e-08  1.07564574e-01  1.51384175e-01
  2.04136968e-01  2.04136968e-01  2.04136968e-01  2.17554102e-01
  2.52886781e-01  2.65889037e-01  3.00260983e-01  3.00260983e-01
  3.00260983e-01  4.39869756e-01  4.52800796e-01  5.23334338e-01
  5.30955434e-01  5.66636435e-01  5.91652774e-01  6.54749898e-01
  6.54867478e-01  6.67548130e-01  6.67548130e-01  6.67548130e-01
  6.90956844e-01  6.91778404e-01  6.96098803e-01  7.16602001e-01
  7.16602001e-01  7.16602001e-01  7.21795068e-01  7.30408525e-01
  7.30408525e-01  7.34281941e-01  7.36626554e-01  7.59370845e-01
  7.59370845e-01  7.63266286e-01  7.63432013e-01  7.63760674e-01
  7.63760674e-01  7.82033458e-01  7.82033458e-01  8.31674621e-01
  8.36785603e-01  8.41846510e-01  8.49559367e-01  8.51102609e-01
  8.51102609e-01  8.52695608e-01  8.52695608e-01  8.91632886e-01
  8.91632886e-01  8.95339495e-01  8.95339495e-01  8.98941636e-01
  9.19990654e-01  9.61313583e-01  9.61313583e-01  9.71597383e-01
  9.71597383e-01  9.82471057e-01  9.82471057e-01  9.99608104e-01
  9.99608104e-01  1.00796341e+00  1.00796341e+00  1.04290861e+00
  1.04779798e+00  1.04779798e+00  1.04841377e+00  1.05277907e+00
  1.05277907e+00  1.06971809e+00  1.09786924e+00  1.09786924e+00
  1.10411136e+00  1.10411136e+00  1.10605449e+00  1.10605449e+00
  1.12159583e+00  1.12159583e+00  1.13023784e+00  1.15518707e+00
  1.17085934e+00  1.17085934e+00  1.18000802e+00  1.22251977e+00
  1.26814014e+00  1.26814014e+00  1.30091839e+00  1.31249803e+00
  1.31249803e+00  1.39751618e+00  1.43025146e+00  1.43025146e+00
  1.45717396e+00  1.45717396e+00  1.49047784e+00  1.53078278e+00
  1.53078278e+00  1.56027967e+00  1.56027967e+00  1.59554665e+00
  1.59554665e+00  1.62633160e+00  1.62633160e+00  1.63395111e+00
  1.67618530e+00  2.09463074e+00  2.14516593e+00  2.22397885e+00
  2.26928975e+00  2.39127646e+00  2.46608773e+00  2.50803352e+00
  2.57857445e+00  2.52875083e+05]
qEOM State    0:  -2.84570979 au Gap:  0.10756457
qEOM State    1:  -2.80189019 au Gap:  0.15138417
qEOM State    2:  -2.74913740 au Gap:  0.20413697
qEOM State    3:  -2.74913740 au Gap:  0.20413697
qEOM State    4:  -2.74913740 au Gap:  0.20413697
qEOM State    5:  -2.73572026 au Gap:  0.21755410
qEOM State    6:  -2.70038758 au Gap:  0.25288678
qEOM State    7:  -2.68738533 au Gap:  0.26588904
qEOM State    8:  -2.65301338 au Gap:  0.30026098
qEOM State    9:  -2.65301338 au Gap:  0.30026098
qEOM State   10:  -2.65301338 au Gap:  0.30026098
qEOM State   11:  -2.51340461 au Gap:  0.43986976
qEOM State   12:  -2.50047357 au Gap:  0.45280080
qEOM State   13:  -2.42994003 au Gap:  0.52333434
qEOM State   14:  -2.42231893 au Gap:  0.53095543
qEOM State   15:  -2.38663793 au Gap:  0.56663644
qEOM State   16:  -2.36162159 au Gap:  0.59165277
qEOM State   17:  -2.29852447 au Gap:  0.65474990
qEOM State   18:  -2.29840689 au Gap:  0.65486748
qEOM State   19:  -2.28572624 au Gap:  0.66754813
qEOM State   20:  -2.28572624 au Gap:  0.66754813
qEOM State   21:  -2.28572624 au Gap:  0.66754813
qEOM State   22:  -2.26231752 au Gap:  0.69095684
qEOM State   23:  -2.26149596 au Gap:  0.69177840
qEOM State   24:  -2.25717556 au Gap:  0.69609880
qEOM State   25:  -2.23667237 au Gap:  0.71660200
qEOM State   26:  -2.23667237 au Gap:  0.71660200
qEOM State   27:  -2.23667237 au Gap:  0.71660200
qEOM State   28:  -2.23147930 au Gap:  0.72179507
qEOM State   29:  -2.22286584 au Gap:  0.73040853
qEOM State   30:  -2.22286584 au Gap:  0.73040853
qEOM State   31:  -2.21899242 au Gap:  0.73428194
qEOM State   32:  -2.21664781 au Gap:  0.73662655
qEOM State   33:  -2.19390352 au Gap:  0.75937084
qEOM State   34:  -2.19390352 au Gap:  0.75937084
qEOM State   35:  -2.19000808 au Gap:  0.76326629
qEOM State   36:  -2.18984235 au Gap:  0.76343201
qEOM State   37:  -2.18951369 au Gap:  0.76376067
qEOM State   38:  -2.18951369 au Gap:  0.76376067
qEOM State   39:  -2.17124091 au Gap:  0.78203346
qEOM State   40:  -2.17124091 au Gap:  0.78203346
qEOM State   41:  -2.12159974 au Gap:  0.83167462
qEOM State   42:  -2.11648876 au Gap:  0.83678560
qEOM State   43:  -2.11142786 au Gap:  0.84184651
qEOM State   44:  -2.10371500 au Gap:  0.84955937
qEOM State   45:  -2.10217176 au Gap:  0.85110261
qEOM State   46:  -2.10217176 au Gap:  0.85110261
qEOM State   47:  -2.10057876 au Gap:  0.85269561
qEOM State   48:  -2.10057876 au Gap:  0.85269561
qEOM State   49:  -2.06164148 au Gap:  0.89163289
qEOM State   50:  -2.06164148 au Gap:  0.89163289
qEOM State   51:  -2.05793487 au Gap:  0.89533950
qEOM State   52:  -2.05793487 au Gap:  0.89533950
qEOM State   53:  -2.05433273 au Gap:  0.89894164
qEOM State   54:  -2.03328371 au Gap:  0.91999065
qEOM State   55:  -1.99196078 au Gap:  0.96131358
qEOM State   56:  -1.99196078 au Gap:  0.96131358
qEOM State   57:  -1.98167698 au Gap:  0.97159738
qEOM State   58:  -1.98167698 au Gap:  0.97159738
qEOM State   59:  -1.97080331 au Gap:  0.98247106
qEOM State   60:  -1.97080331 au Gap:  0.98247106
qEOM State   61:  -1.95366626 au Gap:  0.99960810
qEOM State   62:  -1.95366626 au Gap:  0.99960810
qEOM State   63:  -1.94531095 au Gap:  1.00796341
qEOM State   64:  -1.94531095 au Gap:  1.00796341
qEOM State   65:  -1.91036575 au Gap:  1.04290861
qEOM State   66:  -1.90547638 au Gap:  1.04779798
qEOM State   67:  -1.90547638 au Gap:  1.04779798
qEOM State   68:  -1.90486060 au Gap:  1.04841377
qEOM State   69:  -1.90049529 au Gap:  1.05277907
qEOM State   70:  -1.90049529 au Gap:  1.05277907
qEOM State   71:  -1.88355628 au Gap:  1.06971809
qEOM State   72:  -1.85540513 au Gap:  1.09786924
qEOM State   73:  -1.85540513 au Gap:  1.09786924
qEOM State   74:  -1.84916300 au Gap:  1.10411136
qEOM State   75:  -1.84916300 au Gap:  1.10411136
qEOM State   76:  -1.84721988 au Gap:  1.10605449
qEOM State   77:  -1.84721988 au Gap:  1.10605449
qEOM State   78:  -1.83167853 au Gap:  1.12159583
qEOM State   79:  -1.83167853 au Gap:  1.12159583
qEOM State   80:  -1.82303652 au Gap:  1.13023784
qEOM State   81:  -1.79808730 au Gap:  1.15518707
qEOM State   82:  -1.78241503 au Gap:  1.17085934
qEOM State   83:  -1.78241503 au Gap:  1.17085934
qEOM State   84:  -1.77326635 au Gap:  1.18000802
qEOM State   85:  -1.73075460 au Gap:  1.22251977
qEOM State   86:  -1.68513423 au Gap:  1.26814014
qEOM State   87:  -1.68513423 au Gap:  1.26814014
qEOM State   88:  -1.65235598 au Gap:  1.30091839
qEOM State   89:  -1.64077634 au Gap:  1.31249803
qEOM State   90:  -1.64077634 au Gap:  1.31249803
qEOM State   91:  -1.55575818 au Gap:  1.39751618
qEOM State   92:  -1.52302291 au Gap:  1.43025146
qEOM State   93:  -1.52302291 au Gap:  1.43025146
qEOM State   94:  -1.49610040 au Gap:  1.45717396
qEOM State   95:  -1.49610040 au Gap:  1.45717396
qEOM State   96:  -1.46279652 au Gap:  1.49047784
qEOM State   97:  -1.42249159 au Gap:  1.53078278
qEOM State   98:  -1.42249159 au Gap:  1.53078278
qEOM State   99:  -1.39299470 au Gap:  1.56027967
qEOM State  100:  -1.39299470 au Gap:  1.56027967
qEOM State  101:  -1.35772772 au Gap:  1.59554665
qEOM State  102:  -1.35772772 au Gap:  1.59554665
qEOM State  103:  -1.32694276 au Gap:  1.62633160
qEOM State  104:  -1.32694276 au Gap:  1.62633160
qEOM State  105:  -1.31932326 au Gap:  1.63395111
qEOM State  106:  -1.27708907 au Gap:  1.67618530
qEOM State  107:  -0.85864363 au Gap:  2.09463074
qEOM State  108:  -0.80810844 au Gap:  2.14516593
qEOM State  109:  -0.72929551 au Gap:  2.22397885
qEOM State  110:  -0.68398461 au Gap:  2.26928975
qEOM State  111:  -0.56199790 au Gap:  2.39127646
qEOM State  112:  -0.48718663 au Gap:  2.46608773
qEOM State  113:  -0.44524085 au Gap:  2.50803352
qEOM State  114:  -0.37469991 au Gap:  2.57857445
qEOM State  115: 252872.12932674 au Gap:252875.08260111
